loss: 0.0731, recon: 0.0731, kl: 191.5146
loss: 0.0343, recon: 0.0343, kl: 225.8197
loss: 0.0248, recon: 0.0248, kl: 258.8837
loss: 0.0189, recon: 0.0189, kl: 295.8089
epoch: 1, lr: 0.000005, loss: 0.0201
loss: 0.0183, recon: 0.0183, kl: 316.2455
loss: 0.0161, recon: 0.0161, kl: 336.7939
loss: 0.0138, recon: 0.0138, kl: 367.7294
loss: 0.0144, recon: 0.0144, kl: 381.4903
epoch: 2, lr: 0.000005, loss: 0.0137
loss: 0.0138, recon: 0.0138, kl: 406.0885
loss: 0.0121, recon: 0.0121, kl: 436.0652
loss: 0.0122, recon: 0.0122, kl: 454.8908
loss: 0.0111, recon: 0.0111, kl: 485.2778
epoch: 3, lr: 0.000005, loss: 0.0129
loss: 0.0119, recon: 0.0119, kl: 502.8578
loss: 0.0121, recon: 0.0121, kl: 520.2856
loss: 0.0108, recon: 0.0108, kl: 546.1466
loss: 0.0108, recon: 0.0108, kl: 567.0127
epoch: 4, lr: 0.000005, loss: 0.0104
loss: 0.0106, recon: 0.0106, kl: 584.9403
loss: 0.0100, recon: 0.0100, kl: 606.9066
loss: 0.0103, recon: 0.0103, kl: 620.3112
loss: 0.0097, recon: 0.0097, kl: 641.1116
epoch: 5, lr: 0.000005, loss: 0.0098
loss: 0.0097, recon: 0.0097, kl: 665.2111
loss: 0.0093, recon: 0.0093, kl: 681.1589
loss: 0.0093, recon: 0.0093, kl: 704.2706
loss: 0.0090, recon: 0.0090, kl: 720.6656
loss: 0.0087, recon: 0.0087, kl: 742.5981
epoch: 6, lr: 0.000005, loss: 0.0090
loss: 0.0095, recon: 0.0095, kl: 762.3036
loss: 0.0094, recon: 0.0094, kl: 776.6853
loss: 0.0078, recon: 0.0078, kl: 815.0761
loss: 0.0085, recon: 0.0085, kl: 825.4667
epoch: 7, lr: 0.000005, loss: 0.0090
loss: 0.0087, recon: 0.0087, kl: 847.0624
loss: 0.0083, recon: 0.0083, kl: 864.8524
loss: 0.0089, recon: 0.0089, kl: 876.3998
loss: 0.0093, recon: 0.0093, kl: 888.1898
epoch: 8, lr: 0.000005, loss: 0.0082
loss: 0.0086, recon: 0.0086, kl: 925.8397
loss: 0.0082, recon: 0.0082, kl: 945.3973
loss: 0.0082, recon: 0.0082, kl: 978.9786
loss: 0.0092, recon: 0.0092, kl: 976.7938
epoch: 9, lr: 0.000005, loss: 0.0075
loss: 0.0079, recon: 0.0079, kl: 1012.3389
loss: 0.0074, recon: 0.0074, kl: 1034.9924
loss: 0.0076, recon: 0.0076, kl: 1047.5898
loss: 0.0082, recon: 0.0082, kl: 1067.5022
epoch: 10, lr: 0.000005, loss: 0.0072
loss: 0.0069, recon: 0.0069, kl: 1103.1382
loss: 0.0076, recon: 0.0076, kl: 1107.7024
loss: 0.0072, recon: 0.0072, kl: 1131.6851
loss: 0.0077, recon: 0.0077, kl: 1155.0022
epoch: 11, lr: 0.000005, loss: 0.0084
loss: 0.0083, recon: 0.0083, kl: 1162.6621
loss: 0.0084, recon: 0.0084, kl: 1179.4391
loss: 0.0076, recon: 0.0076, kl: 1199.6493
loss: 0.0073, recon: 0.0073, kl: 1216.4036
loss: 0.0069, recon: 0.0069, kl: 1252.8303
epoch: 12, lr: 0.000005, loss: 0.0081
loss: 0.0074, recon: 0.0074, kl: 1264.2378
loss: 0.0072, recon: 0.0072, kl: 1294.6205
loss: 0.0078, recon: 0.0078, kl: 1287.5642
loss: 0.0074, recon: 0.0074, kl: 1309.3064
epoch: 13, lr: 0.000005, loss: 0.0067
loss: 0.0070, recon: 0.0070, kl: 1336.7644
loss: 0.0077, recon: 0.0077, kl: 1349.1001
loss: 0.0072, recon: 0.0072, kl: 1371.5251
loss: 0.0073, recon: 0.0073, kl: 1370.8314
epoch: 14, lr: 0.000005, loss: 0.0083
loss: 0.0066, recon: 0.0066, kl: 1413.7408
loss: 0.0065, recon: 0.0065, kl: 1427.8551
loss: 0.0063, recon: 0.0063, kl: 1442.1560
loss: 0.0066, recon: 0.0066, kl: 1441.3732
epoch: 15, lr: 0.000005, loss: 0.0071
loss: 0.0068, recon: 0.0068, kl: 1474.0646
loss: 0.0081, recon: 0.0081, kl: 1460.1663
loss: 0.0066, recon: 0.0066, kl: 1490.2195
loss: 0.0069, recon: 0.0069, kl: 1505.5455
epoch: 16, lr: 0.000005, loss: 0.0064
loss: 0.0065, recon: 0.0065, kl: 1530.3868
loss: 0.0067, recon: 0.0067, kl: 1549.0927
loss: 0.0069, recon: 0.0069, kl: 1555.1212
loss: 0.0069, recon: 0.0069, kl: 1569.7080
epoch: 17, lr: 0.000005, loss: 0.0060
loss: 0.0069, recon: 0.0069, kl: 1576.8623
loss: 0.0064, recon: 0.0064, kl: 1597.2961
loss: 0.0057, recon: 0.0057, kl: 1627.1284
loss: 0.0068, recon: 0.0068, kl: 1626.0348
loss: 0.0061, recon: 0.0061, kl: 1649.3850
epoch: 18, lr: 0.000005, loss: 0.0064
loss: 0.0068, recon: 0.0068, kl: 1659.0566
loss: 0.0059, recon: 0.0059, kl: 1690.9886
loss: 0.0064, recon: 0.0064, kl: 1686.8813
loss: 0.0064, recon: 0.0064, kl: 1712.7114
epoch: 19, lr: 0.000005, loss: 0.0064
loss: 0.0053, recon: 0.0053, kl: 1743.3936
loss: 0.0066, recon: 0.0066, kl: 1741.2305
loss: 0.0056, recon: 0.0056, kl: 1772.3503
loss: 0.0062, recon: 0.0062, kl: 1768.1410
epoch: 20, lr: 0.000005, loss: 0.0052
loss: 0.0060, recon: 0.0060, kl: 1793.0312
loss: 0.0063, recon: 0.0063, kl: 1793.0225
loss: 0.0058, recon: 0.0058, kl: 1829.7920
loss: 0.0059, recon: 0.0059, kl: 1829.6044
epoch: 21, lr: 0.000005, loss: 0.0058
loss: 0.0062, recon: 0.0062, kl: 1827.0750
loss: 0.0049, recon: 0.0049, kl: 1872.4493
loss: 0.0061, recon: 0.0061, kl: 1883.9946
loss: 0.0057, recon: 0.0057, kl: 1891.2325
epoch: 22, lr: 0.000005, loss: 0.0044
loss: 0.0054, recon: 0.0054, kl: 1903.1531
loss: 0.0054, recon: 0.0054, kl: 1902.2039
loss: 0.0052, recon: 0.0052, kl: 1949.3877
loss: 0.0057, recon: 0.0057, kl: 1945.1885
epoch: 23, lr: 0.000005, loss: 0.0052
loss: 0.0056, recon: 0.0056, kl: 1957.7335
loss: 0.0055, recon: 0.0055, kl: 1977.9222
loss: 0.0055, recon: 0.0055, kl: 2011.1625
loss: 0.0053, recon: 0.0053, kl: 1992.8674
loss: 0.0048, recon: 0.0048, kl: 2019.9655
epoch: 24, lr: 0.000005, loss: 0.0057
loss: 0.0056, recon: 0.0056, kl: 2027.8833
loss: 0.0052, recon: 0.0052, kl: 2040.2168
loss: 0.0054, recon: 0.0054, kl: 2058.1392
loss: 0.0052, recon: 0.0052, kl: 2078.6445
epoch: 25, lr: 0.000005, loss: 0.0049
loss: 0.0054, recon: 0.0054, kl: 2095.3193
loss: 0.0059, recon: 0.0059, kl: 2102.4958
loss: 0.0050, recon: 0.0050, kl: 2113.3071
loss: 0.0052, recon: 0.0052, kl: 2127.1609
epoch: 26, lr: 0.000005, loss: 0.0050
loss: 0.0049, recon: 0.0049, kl: 2133.4099
loss: 0.0050, recon: 0.0050, kl: 2145.6692
loss: 0.0049, recon: 0.0049, kl: 2157.0974
loss: 0.0058, recon: 0.0058, kl: 2158.3477
epoch: 27, lr: 0.000005, loss: 0.0053
loss: 0.0054, recon: 0.0054, kl: 2168.1260
loss: 0.0046, recon: 0.0046, kl: 2197.7522
loss: 0.0056, recon: 0.0056, kl: 2198.8433
loss: 0.0049, recon: 0.0049, kl: 2226.7041
epoch: 28, lr: 0.000005, loss: 0.0045
loss: 0.0051, recon: 0.0051, kl: 2213.9048
loss: 0.0051, recon: 0.0051, kl: 2223.8308
loss: 0.0047, recon: 0.0047, kl: 2244.7915
loss: 0.0048, recon: 0.0048, kl: 2270.1296
epoch: 29, lr: 0.000005, loss: 0.0043
loss: 0.0044, recon: 0.0044, kl: 2263.4697
loss: 0.0044, recon: 0.0044, kl: 2298.7759
loss: 0.0048, recon: 0.0048, kl: 2293.7490
loss: 0.0054, recon: 0.0054, kl: 2301.1870
loss: 0.0043, recon: 0.0043, kl: 2314.7434
epoch: 30, lr: 0.000005, loss: 0.0052
loss: 0.0047, recon: 0.0047, kl: 2324.1670
loss: 0.0042, recon: 0.0042, kl: 2330.5081
loss: 0.0044, recon: 0.0044, kl: 2333.1929
loss: 0.0046, recon: 0.0046, kl: 2356.2588
epoch: 31, lr: 0.000005, loss: 0.0049
loss: 0.0049, recon: 0.0049, kl: 2371.7515
loss: 0.0048, recon: 0.0048, kl: 2365.5093
loss: 0.0044, recon: 0.0044, kl: 2387.0630
loss: 0.0042, recon: 0.0042, kl: 2378.2158
epoch: 32, lr: 0.000005, loss: 0.0045
loss: 0.0044, recon: 0.0044, kl: 2371.8369
loss: 0.0047, recon: 0.0047, kl: 2387.4058
loss: 0.0040, recon: 0.0040, kl: 2419.0415
loss: 0.0043, recon: 0.0043, kl: 2423.5969
epoch: 33, lr: 0.000005, loss: 0.0040
loss: 0.0042, recon: 0.0042, kl: 2440.5996
loss: 0.0042, recon: 0.0042, kl: 2437.5444
loss: 0.0043, recon: 0.0043, kl: 2458.1938
loss: 0.0041, recon: 0.0041, kl: 2449.9985
epoch: 34, lr: 0.000005, loss: 0.0042
loss: 0.0045, recon: 0.0045, kl: 2468.0315
loss: 0.0045, recon: 0.0045, kl: 2458.0872
loss: 0.0043, recon: 0.0043, kl: 2497.0159
loss: 0.0040, recon: 0.0040, kl: 2505.7378
epoch: 35, lr: 0.000005, loss: 0.0049
loss: 0.0042, recon: 0.0042, kl: 2508.4431
loss: 0.0042, recon: 0.0042, kl: 2507.1401
loss: 0.0041, recon: 0.0041, kl: 2505.4453
loss: 0.0040, recon: 0.0040, kl: 2529.7390
loss: 0.0050, recon: 0.0050, kl: 2530.3442
epoch: 36, lr: 0.000005, loss: 0.0042
loss: 0.0040, recon: 0.0040, kl: 2553.1860
loss: 0.0033, recon: 0.0033, kl: 2566.2163
loss: 0.0040, recon: 0.0040, kl: 2548.6655
loss: 0.0041, recon: 0.0041, kl: 2574.5840
epoch: 37, lr: 0.000005, loss: 0.0037
loss: 0.0042, recon: 0.0042, kl: 2569.1035
loss: 0.0040, recon: 0.0040, kl: 2579.5896
loss: 0.0038, recon: 0.0038, kl: 2592.0776
loss: 0.0039, recon: 0.0039, kl: 2576.6516
epoch: 38, lr: 0.000005, loss: 0.0037
loss: 0.0036, recon: 0.0036, kl: 2577.8936
loss: 0.0040, recon: 0.0040, kl: 2633.6951
loss: 0.0035, recon: 0.0035, kl: 2613.9631
loss: 0.0047, recon: 0.0047, kl: 2630.8696
epoch: 39, lr: 0.000005, loss: 0.0042
loss: 0.0037, recon: 0.0037, kl: 2642.1211
loss: 0.0039, recon: 0.0039, kl: 2646.5894
loss: 0.0038, recon: 0.0038, kl: 2659.4893
loss: 0.0042, recon: 0.0042, kl: 2660.3271
epoch: 40, lr: 0.000005, loss: 0.0035
loss: 0.0042, recon: 0.0042, kl: 2672.4448
loss: 0.0036, recon: 0.0036, kl: 2660.8823
loss: 0.0042, recon: 0.0042, kl: 2706.4504
loss: 0.0033, recon: 0.0033, kl: 2669.9304
epoch: 41, lr: 0.000005, loss: 0.0036
loss: 0.0038, recon: 0.0038, kl: 2711.2764
loss: 0.0036, recon: 0.0036, kl: 2675.4497
loss: 0.0039, recon: 0.0039, kl: 2707.2119
loss: 0.0039, recon: 0.0039, kl: 2698.4985
loss: 0.0040, recon: 0.0040, kl: 2720.1929
epoch: 42, lr: 0.000005, loss: 0.0038
loss: 0.0035, recon: 0.0035, kl: 2686.2651
loss: 0.0038, recon: 0.0038, kl: 2723.7075
loss: 0.0040, recon: 0.0040, kl: 2734.4097
loss: 0.0037, recon: 0.0037, kl: 2756.5483
epoch: 43, lr: 0.000005, loss: 0.0039
loss: 0.0038, recon: 0.0038, kl: 2748.6777
loss: 0.0037, recon: 0.0037, kl: 2749.2307
loss: 0.0038, recon: 0.0038, kl: 2756.6528
loss: 0.0038, recon: 0.0038, kl: 2782.9197
epoch: 44, lr: 0.000005, loss: 0.0033
loss: 0.0033, recon: 0.0033, kl: 2771.9089
loss: 0.0037, recon: 0.0037, kl: 2795.0017
loss: 0.0037, recon: 0.0037, kl: 2813.2139
loss: 0.0033, recon: 0.0033, kl: 2803.3101
epoch: 45, lr: 0.000005, loss: 0.0034
loss: 0.0036, recon: 0.0036, kl: 2825.4546
loss: 0.0036, recon: 0.0036, kl: 2816.2798
loss: 0.0037, recon: 0.0037, kl: 2818.3687
loss: 0.0031, recon: 0.0031, kl: 2809.5432
epoch: 46, lr: 0.000005, loss: 0.0034
loss: 0.0035, recon: 0.0035, kl: 2826.1897
loss: 0.0031, recon: 0.0031, kl: 2828.2534
loss: 0.0033, recon: 0.0033, kl: 2847.2046
loss: 0.0034, recon: 0.0034, kl: 2866.4502
epoch: 47, lr: 0.000005, loss: 0.0031
loss: 0.0038, recon: 0.0038, kl: 2849.6287
loss: 0.0030, recon: 0.0030, kl: 2857.2102
loss: 0.0031, recon: 0.0031, kl: 2862.6316
loss: 0.0032, recon: 0.0032, kl: 2860.4695
loss: 0.0031, recon: 0.0031, kl: 2877.9756
epoch: 48, lr: 0.000005, loss: 0.0031
loss: 0.0034, recon: 0.0034, kl: 2866.1230
loss: 0.0031, recon: 0.0031, kl: 2882.8394
loss: 0.0029, recon: 0.0029, kl: 2890.4636
loss: 0.0029, recon: 0.0029, kl: 2904.4663
epoch: 49, lr: 0.000005, loss: 0.0030
loss: 0.0031, recon: 0.0031, kl: 2885.4619
loss: 0.0031, recon: 0.0031, kl: 2913.5266
loss: 0.0033, recon: 0.0033, kl: 2909.7163
loss: 0.0029, recon: 0.0029, kl: 2910.2837
epoch: 50, lr: 0.000005, loss: 0.0032
loss: 0.0033, recon: 0.0033, kl: 2931.2617
loss: 0.0031, recon: 0.0031, kl: 2930.7612
loss: 0.0031, recon: 0.0031, kl: 2935.6790
loss: 0.0031, recon: 0.0031, kl: 2932.1804
epoch: 51, lr: 0.000005, loss: 0.0030
loss: 0.0029, recon: 0.0029, kl: 2946.9126
loss: 0.0031, recon: 0.0031, kl: 2955.9851
loss: 0.0031, recon: 0.0031, kl: 2936.0063
loss: 0.0029, recon: 0.0029, kl: 2941.5659
epoch: 52, lr: 0.000005, loss: 0.0034
loss: 0.0033, recon: 0.0033, kl: 2960.4041
loss: 0.0030, recon: 0.0030, kl: 2963.0647
loss: 0.0028, recon: 0.0028, kl: 2963.9614
loss: 0.0028, recon: 0.0028, kl: 2972.5596
loss: 0.0034, recon: 0.0034, kl: 2986.7983
epoch: 53, lr: 0.000005, loss: 0.0031
loss: 0.0025, recon: 0.0025, kl: 2975.6206
loss: 0.0029, recon: 0.0029, kl: 2981.6597
loss: 0.0031, recon: 0.0031, kl: 2997.8159
loss: 0.0029, recon: 0.0029, kl: 3022.3123
epoch: 54, lr: 0.000005, loss: 0.0032
loss: 0.0031, recon: 0.0031, kl: 3030.0486
loss: 0.0030, recon: 0.0030, kl: 3020.1865
loss: 0.0030, recon: 0.0030, kl: 3021.8042
loss: 0.0030, recon: 0.0030, kl: 3024.6880
epoch: 55, lr: 0.000005, loss: 0.0030
loss: 0.0031, recon: 0.0031, kl: 3043.6348
loss: 0.0032, recon: 0.0032, kl: 3039.3218
loss: 0.0028, recon: 0.0028, kl: 3027.8237
loss: 0.0030, recon: 0.0030, kl: 3022.4370
epoch: 56, lr: 0.000005, loss: 0.0031
loss: 0.0028, recon: 0.0028, kl: 3038.4487
loss: 0.0025, recon: 0.0025, kl: 3037.7175
loss: 0.0031, recon: 0.0031, kl: 3048.0103
loss: 0.0026, recon: 0.0026, kl: 3058.1094
epoch: 57, lr: 0.000005, loss: 0.0028
loss: 0.0028, recon: 0.0028, kl: 3042.4697
loss: 0.0030, recon: 0.0030, kl: 3074.5190
loss: 0.0027, recon: 0.0027, kl: 3073.4189
loss: 0.0031, recon: 0.0031, kl: 3077.8027
epoch: 58, lr: 0.000005, loss: 0.0032
loss: 0.0027, recon: 0.0027, kl: 3059.5869
loss: 0.0032, recon: 0.0032, kl: 3054.7444
loss: 0.0027, recon: 0.0027, kl: 3092.2874
loss: 0.0031, recon: 0.0031, kl: 3079.9519
loss: 0.0030, recon: 0.0030, kl: 3071.5059
epoch: 59, lr: 0.000005, loss: 0.0028
loss: 0.0028, recon: 0.0028, kl: 3085.9458
loss: 0.0028, recon: 0.0028, kl: 3078.4531
loss: 0.0029, recon: 0.0029, kl: 3093.8096
loss: 0.0027, recon: 0.0027, kl: 3087.2395
epoch: 60, lr: 0.000005, loss: 0.0024
loss: 0.0029, recon: 0.0029, kl: 3130.4805
loss: 0.0027, recon: 0.0027, kl: 3114.5823
loss: 0.0024, recon: 0.0024, kl: 3110.1602
loss: 0.0025, recon: 0.0025, kl: 3132.9287
epoch: 61, lr: 0.000005, loss: 0.0027
loss: 0.0027, recon: 0.0027, kl: 3132.5513
loss: 0.0027, recon: 0.0027, kl: 3123.5210
loss: 0.0027, recon: 0.0027, kl: 3156.8054
loss: 0.0027, recon: 0.0027, kl: 3167.8203
epoch: 62, lr: 0.000005, loss: 0.0023
loss: 0.0030, recon: 0.0030, kl: 3131.9312
loss: 0.0029, recon: 0.0029, kl: 3163.9202
loss: 0.0024, recon: 0.0024, kl: 3119.3994
loss: 0.0026, recon: 0.0026, kl: 3178.4463
epoch: 63, lr: 0.000005, loss: 0.0029
loss: 0.0027, recon: 0.0027, kl: 3149.6599
loss: 0.0027, recon: 0.0027, kl: 3157.5205
loss: 0.0025, recon: 0.0025, kl: 3152.3572
loss: 0.0026, recon: 0.0026, kl: 3154.6675
epoch: 64, lr: 0.000005, loss: 0.0025
loss: 0.0025, recon: 0.0025, kl: 3207.8052
loss: 0.0026, recon: 0.0026, kl: 3175.2100
loss: 0.0024, recon: 0.0024, kl: 3158.1196
loss: 0.0026, recon: 0.0026, kl: 3194.1094
loss: 0.0027, recon: 0.0027, kl: 3183.9268
epoch: 65, lr: 0.000005, loss: 0.0023
loss: 0.0025, recon: 0.0025, kl: 3200.8096
loss: 0.0026, recon: 0.0026, kl: 3189.8708
loss: 0.0025, recon: 0.0025, kl: 3195.9297
loss: 0.0026, recon: 0.0026, kl: 3209.8225
epoch: 66, lr: 0.000005, loss: 0.0024
loss: 0.0023, recon: 0.0023, kl: 3161.9851
loss: 0.0023, recon: 0.0023, kl: 3187.8662
loss: 0.0027, recon: 0.0027, kl: 3199.4233
loss: 0.0028, recon: 0.0028, kl: 3187.8689
epoch: 67, lr: 0.000005, loss: 0.0027
loss: 0.0024, recon: 0.0024, kl: 3224.0938
loss: 0.0022, recon: 0.0022, kl: 3218.0669
loss: 0.0024, recon: 0.0024, kl: 3246.7288
loss: 0.0026, recon: 0.0026, kl: 3205.8809
epoch: 68, lr: 0.000005, loss: 0.0027
loss: 0.0025, recon: 0.0025, kl: 3255.5466
loss: 0.0024, recon: 0.0024, kl: 3232.4812
loss: 0.0025, recon: 0.0025, kl: 3248.4670
loss: 0.0025, recon: 0.0025, kl: 3239.6550
epoch: 69, lr: 0.000005, loss: 0.0026
loss: 0.0025, recon: 0.0025, kl: 3264.6875
loss: 0.0023, recon: 0.0023, kl: 3258.2002
loss: 0.0028, recon: 0.0028, kl: 3270.8691
loss: 0.0027, recon: 0.0027, kl: 3262.7449
epoch: 70, lr: 0.000005, loss: 0.0026
loss: 0.0024, recon: 0.0024, kl: 3237.0444
loss: 0.0027, recon: 0.0027, kl: 3228.1897
loss: 0.0024, recon: 0.0024, kl: 3254.7759
loss: 0.0024, recon: 0.0024, kl: 3275.5107
loss: 0.0024, recon: 0.0024, kl: 3240.2759
epoch: 71, lr: 0.000005, loss: 0.0026
loss: 0.0025, recon: 0.0025, kl: 3279.3181
loss: 0.0024, recon: 0.0024, kl: 3291.9678
loss: 0.0025, recon: 0.0025, kl: 3261.3926
loss: 0.0027, recon: 0.0027, kl: 3291.8311
epoch: 72, lr: 0.000005, loss: 0.0023
loss: 0.0024, recon: 0.0024, kl: 3265.0757
loss: 0.0024, recon: 0.0024, kl: 3307.2341
loss: 0.0023, recon: 0.0023, kl: 3293.9116
loss: 0.0023, recon: 0.0023, kl: 3305.7773
epoch: 73, lr: 0.000005, loss: 0.0019
loss: 0.0021, recon: 0.0021, kl: 3302.8618
loss: 0.0023, recon: 0.0023, kl: 3299.1216
loss: 0.0024, recon: 0.0024, kl: 3294.4692
loss: 0.0023, recon: 0.0023, kl: 3316.1079
epoch: 74, lr: 0.000005, loss: 0.0023
loss: 0.0023, recon: 0.0023, kl: 3333.8584
loss: 0.0025, recon: 0.0025, kl: 3308.7793
loss: 0.0026, recon: 0.0026, kl: 3321.4526
loss: 0.0023, recon: 0.0023, kl: 3311.2871
epoch: 75, lr: 0.000005, loss: 0.0023
loss: 0.0023, recon: 0.0023, kl: 3336.4141
loss: 0.0023, recon: 0.0023, kl: 3335.6741
loss: 0.0024, recon: 0.0024, kl: 3307.5820
loss: 0.0024, recon: 0.0024, kl: 3311.5366
epoch: 76, lr: 0.000005, loss: 0.0022
loss: 0.0023, recon: 0.0023, kl: 3304.4719
loss: 0.0023, recon: 0.0023, kl: 3334.5728
loss: 0.0026, recon: 0.0026, kl: 3375.1453
loss: 0.0024, recon: 0.0024, kl: 3365.8313
loss: 0.0022, recon: 0.0022, kl: 3352.9268
epoch: 77, lr: 0.000005, loss: 0.0025
loss: 0.0023, recon: 0.0023, kl: 3381.2861
loss: 0.0026, recon: 0.0026, kl: 3395.5283
loss: 0.0022, recon: 0.0022, kl: 3382.8164
loss: 0.0025, recon: 0.0025, kl: 3375.6831
epoch: 78, lr: 0.000005, loss: 0.0023
loss: 0.0021, recon: 0.0021, kl: 3395.8169
loss: 0.0023, recon: 0.0023, kl: 3378.0083
loss: 0.0025, recon: 0.0025, kl: 3385.0747
loss: 0.0024, recon: 0.0024, kl: 3385.4680
epoch: 79, lr: 0.000005, loss: 0.0023
loss: 0.0022, recon: 0.0022, kl: 3408.3386
loss: 0.0024, recon: 0.0024, kl: 3365.6851
loss: 0.0023, recon: 0.0023, kl: 3405.2666
loss: 0.0024, recon: 0.0024, kl: 3420.1826
epoch: 80, lr: 0.000005, loss: 0.0021
loss: 0.0022, recon: 0.0022, kl: 3392.7261
loss: 0.0022, recon: 0.0022, kl: 3397.6147
loss: 0.0022, recon: 0.0022, kl: 3435.2175
loss: 0.0022, recon: 0.0022, kl: 3397.0391
epoch: 81, lr: 0.000005, loss: 0.0021
loss: 0.0024, recon: 0.0024, kl: 3378.0249
loss: 0.0021, recon: 0.0021, kl: 3423.9370
loss: 0.0022, recon: 0.0022, kl: 3388.4160
loss: 0.0023, recon: 0.0023, kl: 3407.5891
epoch: 82, lr: 0.000005, loss: 0.0020
loss: 0.0023, recon: 0.0023, kl: 3430.9180
loss: 0.0022, recon: 0.0022, kl: 3424.6514
loss: 0.0020, recon: 0.0020, kl: 3413.2527
loss: 0.0024, recon: 0.0024, kl: 3412.2979
loss: 0.0021, recon: 0.0021, kl: 3426.1421
epoch: 83, lr: 0.000005, loss: 0.0024
loss: 0.0021, recon: 0.0021, kl: 3436.4617
loss: 0.0022, recon: 0.0022, kl: 3398.8420
loss: 0.0022, recon: 0.0022, kl: 3429.5322
loss: 0.0020, recon: 0.0020, kl: 3462.3872
epoch: 84, lr: 0.000005, loss: 0.0023
loss: 0.0023, recon: 0.0023, kl: 3455.0066
loss: 0.0021, recon: 0.0021, kl: 3459.7913
loss: 0.0021, recon: 0.0021, kl: 3443.4229
loss: 0.0023, recon: 0.0023, kl: 3447.1338
epoch: 85, lr: 0.000005, loss: 0.0020
loss: 0.0023, recon: 0.0023, kl: 3426.3027
loss: 0.0023, recon: 0.0023, kl: 3419.7014
loss: 0.0020, recon: 0.0020, kl: 3449.3213
loss: 0.0020, recon: 0.0020, kl: 3475.6553
epoch: 86, lr: 0.000005, loss: 0.0019
loss: 0.0020, recon: 0.0020, kl: 3451.7400
loss: 0.0021, recon: 0.0021, kl: 3428.6729
loss: 0.0021, recon: 0.0021, kl: 3472.9248
loss: 0.0020, recon: 0.0020, kl: 3469.3877
epoch: 87, lr: 0.000005, loss: 0.0020
loss: 0.0023, recon: 0.0023, kl: 3501.7510
loss: 0.0021, recon: 0.0021, kl: 3479.3140
loss: 0.0022, recon: 0.0022, kl: 3479.3208
loss: 0.0021, recon: 0.0021, kl: 3479.9619
epoch: 88, lr: 0.000005, loss: 0.0017
loss: 0.0021, recon: 0.0021, kl: 3440.9934
loss: 0.0021, recon: 0.0021, kl: 3474.5574
loss: 0.0020, recon: 0.0020, kl: 3489.8489
loss: 0.0020, recon: 0.0020, kl: 3474.5117
loss: 0.0021, recon: 0.0021, kl: 3493.5132
epoch: 89, lr: 0.000005, loss: 0.0020
loss: 0.0019, recon: 0.0019, kl: 3484.8872
loss: 0.0021, recon: 0.0021, kl: 3501.7000
loss: 0.0020, recon: 0.0020, kl: 3454.6067
loss: 0.0019, recon: 0.0019, kl: 3481.4221
epoch: 90, lr: 0.000005, loss: 0.0020
loss: 0.0020, recon: 0.0020, kl: 3497.3601
loss: 0.0021, recon: 0.0021, kl: 3535.1367
loss: 0.0020, recon: 0.0020, kl: 3480.0081
loss: 0.0022, recon: 0.0022, kl: 3488.0178
epoch: 91, lr: 0.000005, loss: 0.0019
loss: 0.0021, recon: 0.0021, kl: 3528.7017
loss: 0.0022, recon: 0.0022, kl: 3523.2021
loss: 0.0020, recon: 0.0020, kl: 3490.9204
loss: 0.0020, recon: 0.0020, kl: 3517.0361
epoch: 92, lr: 0.000005, loss: 0.0020
loss: 0.0021, recon: 0.0021, kl: 3543.0312
loss: 0.0019, recon: 0.0019, kl: 3526.5752
loss: 0.0019, recon: 0.0019, kl: 3507.4443
loss: 0.0019, recon: 0.0019, kl: 3521.2983
epoch: 93, lr: 0.000005, loss: 0.0020
loss: 0.0019, recon: 0.0019, kl: 3538.9214
loss: 0.0021, recon: 0.0021, kl: 3527.9941
loss: 0.0020, recon: 0.0020, kl: 3513.0732
loss: 0.0018, recon: 0.0018, kl: 3531.7461
epoch: 94, lr: 0.000005, loss: 0.0022
loss: 0.0019, recon: 0.0019, kl: 3528.9199
loss: 0.0022, recon: 0.0022, kl: 3535.8716
loss: 0.0019, recon: 0.0019, kl: 3529.4697
loss: 0.0020, recon: 0.0020, kl: 3559.1406
loss: 0.0018, recon: 0.0018, kl: 3547.1177
epoch: 95, lr: 0.000005, loss: 0.0020
loss: 0.0019, recon: 0.0019, kl: 3553.6575
loss: 0.0020, recon: 0.0020, kl: 3533.9050
loss: 0.0019, recon: 0.0019, kl: 3553.1187
loss: 0.0019, recon: 0.0019, kl: 3538.9834
epoch: 96, lr: 0.000005, loss: 0.0020
loss: 0.0020, recon: 0.0020, kl: 3532.7026
loss: 0.0021, recon: 0.0021, kl: 3569.0835
loss: 0.0018, recon: 0.0018, kl: 3538.0967
loss: 0.0017, recon: 0.0017, kl: 3567.4058
epoch: 97, lr: 0.000005, loss: 0.0021
loss: 0.0019, recon: 0.0019, kl: 3587.1709
loss: 0.0019, recon: 0.0019, kl: 3555.5283
loss: 0.0019, recon: 0.0019, kl: 3567.8677
loss: 0.0019, recon: 0.0019, kl: 3530.5098
epoch: 98, lr: 0.000005, loss: 0.0020
loss: 0.0020, recon: 0.0020, kl: 3599.8733
loss: 0.0018, recon: 0.0018, kl: 3597.5293
loss: 0.0018, recon: 0.0018, kl: 3598.5901
loss: 0.0018, recon: 0.0018, kl: 3585.5117
epoch: 99, lr: 0.000005, loss: 0.0018
loss: 0.0018, recon: 0.0018, kl: 3541.4873
loss: 0.0018, recon: 0.0018, kl: 3587.7734
loss: 0.0019, recon: 0.0019, kl: 3556.5298
loss: 0.0019, recon: 0.0019, kl: 3577.0483
loss: 0.0022, recon: 0.0022, kl: 3591.6631
epoch: 100, lr: 0.000005, loss: 0.0022
loss: 0.0017, recon: 0.0017, kl: 3587.2241
loss: 0.0018, recon: 0.0018, kl: 3582.3662
loss: 0.0018, recon: 0.0018, kl: 3619.6089
loss: 0.0018, recon: 0.0018, kl: 3616.1445
epoch: 101, lr: 0.000005, loss: 0.0022
loss: 0.0019, recon: 0.0019, kl: 3583.2617
loss: 0.0019, recon: 0.0019, kl: 3561.5850
loss: 0.0019, recon: 0.0019, kl: 3580.4189
loss: 0.0021, recon: 0.0021, kl: 3566.8101
epoch: 102, lr: 0.000005, loss: 0.0020
loss: 0.0019, recon: 0.0019, kl: 3611.9351
loss: 0.0020, recon: 0.0020, kl: 3586.5886
loss: 0.0018, recon: 0.0018, kl: 3594.7886
loss: 0.0018, recon: 0.0018, kl: 3636.3330
epoch: 103, lr: 0.000005, loss: 0.0019
loss: 0.0019, recon: 0.0019, kl: 3589.5635
loss: 0.0017, recon: 0.0017, kl: 3553.7771
loss: 0.0019, recon: 0.0019, kl: 3584.2710
loss: 0.0018, recon: 0.0018, kl: 3613.4570
epoch: 104, lr: 0.000005, loss: 0.0018
loss: 0.0018, recon: 0.0018, kl: 3599.8218
loss: 0.0017, recon: 0.0017, kl: 3614.2720
loss: 0.0019, recon: 0.0019, kl: 3630.2373
loss: 0.0020, recon: 0.0020, kl: 3632.6572
epoch: 105, lr: 0.000005, loss: 0.0020
loss: 0.0019, recon: 0.0019, kl: 3655.5825
loss: 0.0017, recon: 0.0017, kl: 3627.2891
loss: 0.0018, recon: 0.0018, kl: 3582.9971
loss: 0.0018, recon: 0.0018, kl: 3663.3657
loss: 0.0017, recon: 0.0017, kl: 3648.6157
epoch: 106, lr: 0.000005, loss: 0.0018
loss: 0.0018, recon: 0.0018, kl: 3647.1733
loss: 0.0018, recon: 0.0018, kl: 3634.0977
loss: 0.0018, recon: 0.0018, kl: 3634.0427
loss: 0.0016, recon: 0.0016, kl: 3635.8538
epoch: 107, lr: 0.000005, loss: 0.0020
loss: 0.0018, recon: 0.0018, kl: 3671.3604
loss: 0.0017, recon: 0.0017, kl: 3643.2900
loss: 0.0018, recon: 0.0018, kl: 3625.7285
loss: 0.0018, recon: 0.0018, kl: 3626.2117
epoch: 108, lr: 0.000005, loss: 0.0017
loss: 0.0018, recon: 0.0018, kl: 3658.5913
loss: 0.0017, recon: 0.0017, kl: 3677.0156
loss: 0.0016, recon: 0.0016, kl: 3646.9160
loss: 0.0018, recon: 0.0018, kl: 3670.0127
epoch: 109, lr: 0.000005, loss: 0.0018
loss: 0.0018, recon: 0.0018, kl: 3637.6624
loss: 0.0017, recon: 0.0017, kl: 3629.5505
loss: 0.0017, recon: 0.0017, kl: 3632.1765
loss: 0.0019, recon: 0.0019, kl: 3650.2905
epoch: 110, lr: 0.000005, loss: 0.0016
loss: 0.0017, recon: 0.0017, kl: 3651.3843
loss: 0.0019, recon: 0.0019, kl: 3669.4995
loss: 0.0018, recon: 0.0018, kl: 3649.5439
loss: 0.0018, recon: 0.0018, kl: 3668.3059
epoch: 111, lr: 0.000005, loss: 0.0017
loss: 0.0017, recon: 0.0017, kl: 3672.0308
loss: 0.0018, recon: 0.0018, kl: 3680.3140
loss: 0.0016, recon: 0.0016, kl: 3676.6895
loss: 0.0017, recon: 0.0017, kl: 3688.7310
loss: 0.0020, recon: 0.0020, kl: 3676.0137
epoch: 112, lr: 0.000005, loss: 0.0017
loss: 0.0016, recon: 0.0016, kl: 3642.8594
loss: 0.0016, recon: 0.0016, kl: 3700.3655
loss: 0.0018, recon: 0.0018, kl: 3660.3462
loss: 0.0017, recon: 0.0017, kl: 3688.7832
epoch: 113, lr: 0.000005, loss: 0.0016
loss: 0.0018, recon: 0.0018, kl: 3682.6350
loss: 0.0019, recon: 0.0019, kl: 3707.5156
loss: 0.0016, recon: 0.0016, kl: 3665.8848
loss: 0.0017, recon: 0.0017, kl: 3691.6177
epoch: 114, lr: 0.000005, loss: 0.0018
loss: 0.0017, recon: 0.0017, kl: 3687.4893
loss: 0.0017, recon: 0.0017, kl: 3656.6406
loss: 0.0018, recon: 0.0018, kl: 3681.6946
loss: 0.0017, recon: 0.0017, kl: 3708.0547
epoch: 115, lr: 0.000005, loss: 0.0016
loss: 0.0018, recon: 0.0018, kl: 3663.7935
loss: 0.0017, recon: 0.0017, kl: 3681.9370
loss: 0.0017, recon: 0.0017, kl: 3676.1057
loss: 0.0015, recon: 0.0015, kl: 3687.0840
epoch: 116, lr: 0.000005, loss: 0.0016
loss: 0.0015, recon: 0.0015, kl: 3710.9939
loss: 0.0017, recon: 0.0017, kl: 3709.3086
loss: 0.0015, recon: 0.0015, kl: 3708.7322
loss: 0.0015, recon: 0.0015, kl: 3689.5979
epoch: 117, lr: 0.000005, loss: 0.0018
loss: 0.0018, recon: 0.0018, kl: 3725.1362
loss: 0.0017, recon: 0.0017, kl: 3736.2505
loss: 0.0018, recon: 0.0018, kl: 3712.0811
loss: 0.0018, recon: 0.0018, kl: 3703.0193
loss: 0.0017, recon: 0.0017, kl: 3700.9675
epoch: 118, lr: 0.000005, loss: 0.0017
loss: 0.0016, recon: 0.0016, kl: 3689.7412
loss: 0.0017, recon: 0.0017, kl: 3703.4939
loss: 0.0017, recon: 0.0017, kl: 3700.3955
loss: 0.0018, recon: 0.0018, kl: 3701.0461
epoch: 119, lr: 0.000005, loss: 0.0016
loss: 0.0017, recon: 0.0017, kl: 3703.4858
loss: 0.0017, recon: 0.0017, kl: 3726.6133
loss: 0.0016, recon: 0.0016, kl: 3744.5344
loss: 0.0017, recon: 0.0017, kl: 3685.9048
epoch: 120, lr: 0.000005, loss: 0.0016
loss: 0.0016, recon: 0.0016, kl: 3709.7068
loss: 0.0016, recon: 0.0016, kl: 3742.2769
loss: 0.0017, recon: 0.0017, kl: 3721.0859
loss: 0.0018, recon: 0.0018, kl: 3741.7402
epoch: 121, lr: 0.000005, loss: 0.0016
loss: 0.0016, recon: 0.0016, kl: 3712.9087
loss: 0.0017, recon: 0.0017, kl: 3766.0498
loss: 0.0017, recon: 0.0017, kl: 3724.8428
loss: 0.0018, recon: 0.0018, kl: 3712.9644
epoch: 122, lr: 0.000005, loss: 0.0017
loss: 0.0018, recon: 0.0018, kl: 3739.2715
loss: 0.0017, recon: 0.0017, kl: 3744.2239
loss: 0.0015, recon: 0.0015, kl: 3732.3384
loss: 0.0017, recon: 0.0017, kl: 3766.2910
epoch: 123, lr: 0.000005, loss: 0.0016
loss: 0.0014, recon: 0.0014, kl: 3700.5156
loss: 0.0015, recon: 0.0015, kl: 3786.0801
loss: 0.0016, recon: 0.0016, kl: 3779.9978
loss: 0.0015, recon: 0.0015, kl: 3753.6658
loss: 0.0016, recon: 0.0016, kl: 3744.4910
epoch: 124, lr: 0.000005, loss: 0.0017
loss: 0.0016, recon: 0.0016, kl: 3745.6440
loss: 0.0017, recon: 0.0017, kl: 3704.3535
loss: 0.0017, recon: 0.0017, kl: 3758.0525
loss: 0.0016, recon: 0.0016, kl: 3751.6357
epoch: 125, lr: 0.000005, loss: 0.0015
loss: 0.0016, recon: 0.0016, kl: 3762.7393
loss: 0.0016, recon: 0.0016, kl: 3766.0938
loss: 0.0018, recon: 0.0018, kl: 3776.3757
loss: 0.0016, recon: 0.0016, kl: 3689.2529
epoch: 126, lr: 0.000005, loss: 0.0017
loss: 0.0014, recon: 0.0014, kl: 3773.9634
loss: 0.0016, recon: 0.0016, kl: 3735.5881
loss: 0.0016, recon: 0.0016, kl: 3792.6531
loss: 0.0016, recon: 0.0016, kl: 3732.2693
epoch: 127, lr: 0.000005, loss: 0.0016
loss: 0.0015, recon: 0.0015, kl: 3743.7354
loss: 0.0014, recon: 0.0014, kl: 3759.3975
loss: 0.0016, recon: 0.0016, kl: 3756.5540
loss: 0.0015, recon: 0.0015, kl: 3761.7063
epoch: 128, lr: 0.000005, loss: 0.0016
