Epoch	0	Loss	0
Epoch: 1, global_step: 100, lr: 0.000005, total_loss: 5.6036 clip_loss: 5.6036  (5.6829)
Epoch: 1, global_step: 200, lr: 0.000009, total_loss: 5.3061 clip_loss: 5.3061  (5.5813)
Epoch: 1, global_step: 300, lr: 0.000014, total_loss: 4.3137 clip_loss: 4.3137  (5.3257)
Epoch: 1, global_step: 400, lr: 0.000019, total_loss: 3.6876 clip_loss: 3.6876  (4.9915)
Epoch	1	Loss	4.936586674454687
Epoch: 2, global_step: 500, lr: 0.000023, total_loss: 3.3816 clip_loss: 3.3816  (4.6972)
Epoch: 2, global_step: 600, lr: 0.000028, total_loss: 2.9867 clip_loss: 2.9867  (4.4493)
Epoch: 2, global_step: 700, lr: 0.000033, total_loss: 2.7796 clip_loss: 2.7796  (4.2267)
Epoch: 2, global_step: 800, lr: 0.000037, total_loss: 2.5931 clip_loss: 2.5931  (4.0256)
Epoch	2	Loss	3.961492709976306
Epoch: 3, global_step: 900, lr: 0.000042, total_loss: 2.3051 clip_loss: 2.3051  (3.8445)
Epoch: 3, global_step: 1000, lr: 0.000047, total_loss: 2.0420 clip_loss: 2.0420  (3.6830)
Epoch: 3, global_step: 1100, lr: 0.000052, total_loss: 1.9116 clip_loss: 1.9116  (3.3225)
Epoch: 3, global_step: 1200, lr: 0.000056, total_loss: 1.8393 clip_loss: 1.8393  (2.9646)
Epoch	3	Loss	2.795988505601883
Epoch: 4, global_step: 1300, lr: 0.000061, total_loss: 1.5710 clip_loss: 1.5710  (2.6533)
Epoch: 4, global_step: 1400, lr: 0.000066, total_loss: 1.4122 clip_loss: 1.4122  (2.4087)
Epoch: 4, global_step: 1500, lr: 0.000070, total_loss: 1.3266 clip_loss: 1.3266  (2.1958)
Epoch: 4, global_step: 1600, lr: 0.000075, total_loss: 1.2200 clip_loss: 1.2200  (2.0024)
Epoch	4	Loss	1.8814871118068694
Epoch: 5, global_step: 1700, lr: 0.000080, total_loss: 1.0540 clip_loss: 1.0540  (1.8270)
Epoch: 5, global_step: 1800, lr: 0.000084, total_loss: 1.0328 clip_loss: 1.0328  (1.6698)
Epoch: 5, global_step: 1900, lr: 0.000089, total_loss: 0.9144 clip_loss: 0.9144  (1.5275)
Epoch: 5, global_step: 2000, lr: 0.000094, total_loss: 0.7792 clip_loss: 0.7792  (1.3952)
Epoch	5	Loss	1.2907123129367828
Epoch: 6, global_step: 2100, lr: 0.000098, total_loss: 0.8667 clip_loss: 0.8667  (1.2734)
Epoch: 6, global_step: 2200, lr: 0.000103, total_loss: 0.7615 clip_loss: 0.7615  (1.1622)
Epoch: 6, global_step: 2300, lr: 0.000108, total_loss: 0.8078 clip_loss: 0.8078  (1.0671)
Epoch: 6, global_step: 2400, lr: 0.000112, total_loss: 0.7115 clip_loss: 0.7115  (0.9847)
Epoch: 6, global_step: 2500, lr: 0.000117, total_loss: 0.7284 clip_loss: 0.7284  (0.9122)
Epoch	6	Loss	0.910703796505928
Epoch: 7, global_step: 2600, lr: 0.000122, total_loss: 0.5986 clip_loss: 0.5986  (0.8487)
Epoch: 7, global_step: 2700, lr: 0.000126, total_loss: 0.5457 clip_loss: 0.5457  (0.7958)
Epoch: 7, global_step: 2800, lr: 0.000131, total_loss: 0.5542 clip_loss: 0.5542  (0.7507)
Epoch: 7, global_step: 2900, lr: 0.000136, total_loss: 0.5927 clip_loss: 0.5927  (0.7090)
Epoch	7	Loss	0.7010045370161533
Epoch: 8, global_step: 3000, lr: 0.000141, total_loss: 0.4954 clip_loss: 0.4954  (0.6720)
Epoch: 8, global_step: 3100, lr: 0.000145, total_loss: 0.4458 clip_loss: 0.4458  (0.6370)
Epoch: 8, global_step: 3200, lr: 0.000150, total_loss: 0.3987 clip_loss: 0.3987  (0.6079)
Epoch: 8, global_step: 3300, lr: 0.000155, total_loss: 0.4870 clip_loss: 0.4870  (0.5814)
Epoch	8	Loss	0.5716600405275821
Epoch: 9, global_step: 3400, lr: 0.000159, total_loss: 0.4667 clip_loss: 0.4667  (0.5549)
Epoch: 9, global_step: 3500, lr: 0.000164, total_loss: 0.4041 clip_loss: 0.4041  (0.5322)
Epoch: 9, global_step: 3600, lr: 0.000169, total_loss: 0.3504 clip_loss: 0.3504  (0.5104)
Epoch: 9, global_step: 3700, lr: 0.000173, total_loss: 0.4856 clip_loss: 0.4856  (0.4903)
Epoch	9	Loss	0.48170544058084486
Epoch: 10, global_step: 3800, lr: 0.000178, total_loss: 0.3418 clip_loss: 0.3418  (0.4722)
Epoch: 10, global_step: 3900, lr: 0.000183, total_loss: 0.3626 clip_loss: 0.3626  (0.4543)
Epoch: 10, global_step: 4000, lr: 0.000187, total_loss: 0.3638 clip_loss: 0.3638  (0.4376)
Epoch: 10, global_step: 4100, lr: 0.000192, total_loss: 0.3879 clip_loss: 0.3879  (0.4226)
Epoch	10	Loss	0.4121998425424099
Epoch: 11, global_step: 4200, lr: 0.000197, total_loss: 0.2643 clip_loss: 0.2643  (0.4084)
Epoch: 11, global_step: 4300, lr: 0.000201, total_loss: 0.3044 clip_loss: 0.3044  (0.3931)
Epoch: 11, global_step: 4400, lr: 0.000206, total_loss: 0.3228 clip_loss: 0.3228  (0.3809)
Epoch: 11, global_step: 4500, lr: 0.000211, total_loss: 0.3468 clip_loss: 0.3468  (0.3683)
Epoch	11	Loss	0.35889740377664564
Epoch: 12, global_step: 4600, lr: 0.000215, total_loss: 0.3961 clip_loss: 0.3961  (0.3575)
Epoch: 12, global_step: 4700, lr: 0.000220, total_loss: 0.2714 clip_loss: 0.2714  (0.3470)
Epoch: 12, global_step: 4800, lr: 0.000225, total_loss: 0.2870 clip_loss: 0.2870  (0.3342)
Epoch: 12, global_step: 4900, lr: 0.000230, total_loss: 0.2216 clip_loss: 0.2216  (0.3254)
Epoch: 12, global_step: 5000, lr: 0.000234, total_loss: 0.2862 clip_loss: 0.2862  (0.3140)
Epoch	12	Loss	0.31318064868450163
Epoch: 13, global_step: 5100, lr: 0.000239, total_loss: 0.2916 clip_loss: 0.2916  (0.3041)
Epoch: 13, global_step: 5200, lr: 0.000244, total_loss: 0.2200 clip_loss: 0.2200  (0.2947)
Epoch: 13, global_step: 5300, lr: 0.000248, total_loss: 0.1928 clip_loss: 0.1928  (0.2855)
Epoch: 13, global_step: 5400, lr: 0.000253, total_loss: 0.1665 clip_loss: 0.1665  (0.2756)
Epoch	13	Loss	0.2737146079242229
Epoch: 14, global_step: 5500, lr: 0.000258, total_loss: 0.2458 clip_loss: 0.2458  (0.2677)
Epoch: 14, global_step: 5600, lr: 0.000262, total_loss: 0.2170 clip_loss: 0.2170  (0.2587)
Epoch: 14, global_step: 5700, lr: 0.000267, total_loss: 0.2222 clip_loss: 0.2222  (0.2521)
Epoch: 14, global_step: 5800, lr: 0.000272, total_loss: 0.2433 clip_loss: 0.2433  (0.2467)
Epoch	14	Loss	0.24333521451056003
Epoch: 15, global_step: 5900, lr: 0.000276, total_loss: 0.1688 clip_loss: 0.1688  (0.2377)
Epoch: 15, global_step: 6000, lr: 0.000281, total_loss: 0.1543 clip_loss: 0.1543  (0.2320)
Epoch: 15, global_step: 6100, lr: 0.000286, total_loss: 0.1974 clip_loss: 0.1974  (0.2275)
Epoch: 15, global_step: 6200, lr: 0.000290, total_loss: 0.1769 clip_loss: 0.1769  (0.2210)
Epoch	15	Loss	0.21856043674051762
Epoch: 16, global_step: 6300, lr: 0.000295, total_loss: 0.1921 clip_loss: 0.1921  (0.2158)
Epoch: 16, global_step: 6400, lr: 0.000300, total_loss: 0.2370 clip_loss: 0.2370  (0.2126)
Epoch: 16, global_step: 6500, lr: 0.000304, total_loss: 0.1806 clip_loss: 0.1806  (0.2065)
Epoch: 16, global_step: 6600, lr: 0.000309, total_loss: 0.1234 clip_loss: 0.1234  (0.2004)
Epoch	16	Loss	0.19447735276073216
Epoch: 17, global_step: 6700, lr: 0.000314, total_loss: 0.2160 clip_loss: 0.2160  (0.1929)
Epoch: 17, global_step: 6800, lr: 0.000319, total_loss: 0.1585 clip_loss: 0.1585  (0.1847)
Epoch: 17, global_step: 6900, lr: 0.000323, total_loss: 0.1741 clip_loss: 0.1741  (0.1820)
Epoch: 17, global_step: 7000, lr: 0.000328, total_loss: 0.1250 clip_loss: 0.1250  (0.1762)
Epoch	17	Loss	0.1698821720480919
Epoch: 18, global_step: 7100, lr: 0.000333, total_loss: 0.1250 clip_loss: 0.1250  (0.1689)
Epoch: 18, global_step: 7200, lr: 0.000337, total_loss: 0.2113 clip_loss: 0.2113  (0.1640)
Epoch: 18, global_step: 7300, lr: 0.000342, total_loss: 0.1502 clip_loss: 0.1502  (0.1588)
Epoch: 18, global_step: 7400, lr: 0.000347, total_loss: 0.1233 clip_loss: 0.1233  (0.1511)
Epoch: 18, global_step: 7500, lr: 0.000351, total_loss: 0.0872 clip_loss: 0.0872  (0.1460)
Epoch	18	Loss	0.14557943460345268
Epoch: 19, global_step: 7600, lr: 0.000356, total_loss: 0.1177 clip_loss: 0.1177  (0.1426)
Epoch: 19, global_step: 7700, lr: 0.000361, total_loss: 0.1050 clip_loss: 0.1050  (0.1381)
Epoch: 19, global_step: 7800, lr: 0.000365, total_loss: 0.0937 clip_loss: 0.0937  (0.1342)
Epoch: 19, global_step: 7900, lr: 0.000370, total_loss: 0.1147 clip_loss: 0.1147  (0.1286)
Epoch	19	Loss	0.12782039872556925
Epoch: 20, global_step: 8000, lr: 0.000375, total_loss: 0.0807 clip_loss: 0.0807  (0.1244)
Epoch: 20, global_step: 8100, lr: 0.000379, total_loss: 0.1166 clip_loss: 0.1166  (0.1206)
Epoch: 20, global_step: 8200, lr: 0.000384, total_loss: 0.0663 clip_loss: 0.0663  (0.1161)
Epoch: 20, global_step: 8300, lr: 0.000389, total_loss: 0.0976 clip_loss: 0.0976  (0.1123)
Epoch	20	Loss	0.11088251635059715
Epoch: 21, global_step: 8400, lr: 0.000393, total_loss: 0.1135 clip_loss: 0.1135  (0.1090)
Epoch: 21, global_step: 8500, lr: 0.000398, total_loss: 0.0802 clip_loss: 0.0802  (0.1054)
Epoch: 21, global_step: 8600, lr: 0.000403, total_loss: 0.0626 clip_loss: 0.0626  (0.1007)
Epoch: 21, global_step: 8700, lr: 0.000407, total_loss: 0.1145 clip_loss: 0.1145  (0.0979)
Epoch	21	Loss	0.09631998930126429
Epoch: 22, global_step: 8800, lr: 0.000412, total_loss: 0.0660 clip_loss: 0.0660  (0.0946)
Epoch: 22, global_step: 8900, lr: 0.000417, total_loss: 0.0646 clip_loss: 0.0646  (0.0908)
Epoch: 22, global_step: 9000, lr: 0.000422, total_loss: 0.0672 clip_loss: 0.0672  (0.0886)
Epoch: 22, global_step: 9100, lr: 0.000426, total_loss: 0.0693 clip_loss: 0.0693  (0.0848)
Epoch	22	Loss	0.08265950803086161
Epoch: 23, global_step: 9200, lr: 0.000431, total_loss: 0.0817 clip_loss: 0.0817  (0.0824)
Epoch: 23, global_step: 9300, lr: 0.000436, total_loss: 0.0537 clip_loss: 0.0537  (0.0797)
Epoch: 23, global_step: 9400, lr: 0.000440, total_loss: 0.0553 clip_loss: 0.0553  (0.0766)
Epoch: 23, global_step: 9500, lr: 0.000445, total_loss: 0.0686 clip_loss: 0.0686  (0.0744)
Epoch	23	Loss	0.07249477966874839
Epoch: 24, global_step: 9600, lr: 0.000450, total_loss: 0.0557 clip_loss: 0.0557  (0.0723)
Epoch: 24, global_step: 9700, lr: 0.000454, total_loss: 0.0720 clip_loss: 0.0720  (0.0691)
Epoch: 24, global_step: 9800, lr: 0.000459, total_loss: 0.1273 clip_loss: 0.1273  (0.0680)
Epoch: 24, global_step: 9900, lr: 0.000464, total_loss: 0.0507 clip_loss: 0.0507  (0.0672)
Epoch: 24, global_step: 10000, lr: 0.000468, total_loss: 0.0507 clip_loss: 0.0507  (0.0649)
Epoch	24	Loss	0.06459318340197205
Epoch: 25, global_step: 10100, lr: 0.000473, total_loss: 0.0299 clip_loss: 0.0299  (0.0628)
Epoch: 25, global_step: 10200, lr: 0.000478, total_loss: 0.0549 clip_loss: 0.0549  (0.0596)
Epoch: 25, global_step: 10300, lr: 0.000482, total_loss: 0.0353 clip_loss: 0.0353  (0.0576)
Epoch: 25, global_step: 10400, lr: 0.000487, total_loss: 0.0390 clip_loss: 0.0390  (0.0565)
Epoch	25	Loss	0.05621119498461485
Epoch: 26, global_step: 10500, lr: 0.000492, total_loss: 0.0551 clip_loss: 0.0551  (0.0553)
Epoch: 26, global_step: 10600, lr: 0.000496, total_loss: 0.0500 clip_loss: 0.0500  (0.0549)
Epoch: 26, global_step: 10700, lr: 0.000500, total_loss: 0.0336 clip_loss: 0.0336  (0.0542)
Epoch: 26, global_step: 10800, lr: 0.000500, total_loss: 0.0571 clip_loss: 0.0571  (0.0527)
Epoch	26	Loss	0.05116844924539327
Epoch: 27, global_step: 10900, lr: 0.000500, total_loss: 0.0257 clip_loss: 0.0257  (0.0503)
Epoch: 27, global_step: 11000, lr: 0.000500, total_loss: 0.0310 clip_loss: 0.0310  (0.0497)
Epoch: 27, global_step: 11100, lr: 0.000500, total_loss: 0.0315 clip_loss: 0.0315  (0.0495)
Epoch: 27, global_step: 11200, lr: 0.000500, total_loss: 0.0521 clip_loss: 0.0521  (0.0493)
Epoch	27	Loss	0.04845849491469562
Epoch: 28, global_step: 11300, lr: 0.000500, total_loss: 0.0254 clip_loss: 0.0254  (0.0484)
Epoch: 28, global_step: 11400, lr: 0.000500, total_loss: 0.0501 clip_loss: 0.0501  (0.0476)
Epoch: 28, global_step: 11500, lr: 0.000500, total_loss: 0.0207 clip_loss: 0.0207  (0.0469)
Epoch: 28, global_step: 11600, lr: 0.000499, total_loss: 0.0264 clip_loss: 0.0264  (0.0450)
Epoch	28	Loss	0.044032082621008155
Epoch: 29, global_step: 11700, lr: 0.000499, total_loss: 0.0298 clip_loss: 0.0298  (0.0439)
Epoch: 29, global_step: 11800, lr: 0.000499, total_loss: 0.0895 clip_loss: 0.0895  (0.0425)
Epoch: 29, global_step: 11900, lr: 0.000499, total_loss: 0.0165 clip_loss: 0.0165  (0.0418)
Epoch: 29, global_step: 12000, lr: 0.000499, total_loss: 0.0523 clip_loss: 0.0523  (0.0410)
Epoch	29	Loss	0.04133925551176071
Epoch: 30, global_step: 12100, lr: 0.000499, total_loss: 0.0297 clip_loss: 0.0297  (0.0413)
Epoch: 30, global_step: 12200, lr: 0.000498, total_loss: 0.0427 clip_loss: 0.0427  (0.0397)
Epoch: 30, global_step: 12300, lr: 0.000498, total_loss: 0.0309 clip_loss: 0.0309  (0.0396)
Epoch: 30, global_step: 12400, lr: 0.000498, total_loss: 0.0379 clip_loss: 0.0379  (0.0392)
Epoch: 30, global_step: 12500, lr: 0.000498, total_loss: 0.0293 clip_loss: 0.0293  (0.0378)
Epoch	30	Loss	0.03771290133800358
Epoch: 31, global_step: 12600, lr: 0.000497, total_loss: 0.0546 clip_loss: 0.0546  (0.0375)
Epoch: 31, global_step: 12700, lr: 0.000497, total_loss: 0.0304 clip_loss: 0.0304  (0.0372)
Epoch: 31, global_step: 12800, lr: 0.000497, total_loss: 0.0434 clip_loss: 0.0434  (0.0361)
Epoch: 31, global_step: 12900, lr: 0.000497, total_loss: 0.0261 clip_loss: 0.0261  (0.0358)
Epoch	31	Loss	0.035858519237488506
Epoch: 32, global_step: 13000, lr: 0.000496, total_loss: 0.0173 clip_loss: 0.0173  (0.0356)
Epoch: 32, global_step: 13100, lr: 0.000496, total_loss: 0.0602 clip_loss: 0.0602  (0.0344)
Epoch: 32, global_step: 13200, lr: 0.000496, total_loss: 0.0106 clip_loss: 0.0106  (0.0348)
Epoch: 32, global_step: 13300, lr: 0.000495, total_loss: 0.0284 clip_loss: 0.0284  (0.0334)
Epoch	32	Loss	0.03403689513262361
Epoch: 33, global_step: 13400, lr: 0.000495, total_loss: 0.0171 clip_loss: 0.0171  (0.0340)
Epoch: 33, global_step: 13500, lr: 0.000495, total_loss: 0.0528 clip_loss: 0.0528  (0.0333)
Epoch: 33, global_step: 13600, lr: 0.000494, total_loss: 0.0243 clip_loss: 0.0243  (0.0324)
Epoch: 33, global_step: 13700, lr: 0.000494, total_loss: 0.0254 clip_loss: 0.0254  (0.0323)
Epoch	33	Loss	0.032271049521397796
Epoch: 34, global_step: 13800, lr: 0.000493, total_loss: 0.0287 clip_loss: 0.0287  (0.0324)
Epoch: 34, global_step: 13900, lr: 0.000493, total_loss: 0.0123 clip_loss: 0.0123  (0.0319)
Epoch: 34, global_step: 14000, lr: 0.000493, total_loss: 0.0337 clip_loss: 0.0337  (0.0308)
Epoch: 34, global_step: 14100, lr: 0.000492, total_loss: 0.0206 clip_loss: 0.0206  (0.0303)
Epoch	34	Loss	0.029821674823295324
Epoch: 35, global_step: 14200, lr: 0.000492, total_loss: 0.0214 clip_loss: 0.0214  (0.0299)
Epoch: 35, global_step: 14300, lr: 0.000491, total_loss: 0.0370 clip_loss: 0.0370  (0.0302)
Epoch: 35, global_step: 14400, lr: 0.000491, total_loss: 0.0168 clip_loss: 0.0168  (0.0291)
Epoch: 35, global_step: 14500, lr: 0.000490, total_loss: 0.0198 clip_loss: 0.0198  (0.0295)
Epoch	35	Loss	0.029046652374323457
Epoch: 36, global_step: 14600, lr: 0.000490, total_loss: 0.0174 clip_loss: 0.0174  (0.0290)
Epoch: 36, global_step: 14700, lr: 0.000489, total_loss: 0.0352 clip_loss: 0.0352  (0.0283)
Epoch: 36, global_step: 14800, lr: 0.000489, total_loss: 0.0115 clip_loss: 0.0115  (0.0278)
Epoch: 36, global_step: 14900, lr: 0.000488, total_loss: 0.0168 clip_loss: 0.0168  (0.0273)
Epoch: 36, global_step: 15000, lr: 0.000487, total_loss: 0.0197 clip_loss: 0.0197  (0.0270)
Epoch	36	Loss	0.026916712161153555
Epoch: 37, global_step: 15100, lr: 0.000487, total_loss: 0.0120 clip_loss: 0.0120  (0.0269)
Epoch: 37, global_step: 15200, lr: 0.000486, total_loss: 0.0553 clip_loss: 0.0553  (0.0262)
Epoch: 37, global_step: 15300, lr: 0.000486, total_loss: 0.0313 clip_loss: 0.0313  (0.0270)
Epoch: 37, global_step: 15400, lr: 0.000485, total_loss: 0.0330 clip_loss: 0.0330  (0.0266)
Epoch	37	Loss	0.0265374784541782
Epoch: 38, global_step: 15500, lr: 0.000484, total_loss: 0.0239 clip_loss: 0.0239  (0.0265)
Epoch: 38, global_step: 15600, lr: 0.000484, total_loss: 0.0236 clip_loss: 0.0236  (0.0269)
Epoch: 38, global_step: 15700, lr: 0.000483, total_loss: 0.0384 clip_loss: 0.0384  (0.0269)
Epoch: 38, global_step: 15800, lr: 0.000482, total_loss: 0.0114 clip_loss: 0.0114  (0.0265)
Epoch	38	Loss	0.026321274309186266
Epoch: 39, global_step: 15900, lr: 0.000482, total_loss: 0.0190 clip_loss: 0.0190  (0.0266)
Epoch: 39, global_step: 16000, lr: 0.000481, total_loss: 0.0357 clip_loss: 0.0357  (0.0267)
Epoch: 39, global_step: 16100, lr: 0.000480, total_loss: 0.0152 clip_loss: 0.0152  (0.0258)
Epoch: 39, global_step: 16200, lr: 0.000480, total_loss: 0.0202 clip_loss: 0.0202  (0.0257)
Epoch	39	Loss	0.02517463644570671
Epoch: 40, global_step: 16300, lr: 0.000479, total_loss: 0.0143 clip_loss: 0.0143  (0.0245)
Epoch: 40, global_step: 16400, lr: 0.000478, total_loss: 0.0270 clip_loss: 0.0270  (0.0241)
Epoch: 40, global_step: 16500, lr: 0.000477, total_loss: 0.0249 clip_loss: 0.0249  (0.0238)
Epoch: 40, global_step: 16600, lr: 0.000477, total_loss: 0.0154 clip_loss: 0.0154  (0.0230)
Epoch	40	Loss	0.022568886908702554
Epoch: 41, global_step: 16700, lr: 0.000476, total_loss: 0.0242 clip_loss: 0.0242  (0.0227)
Epoch: 41, global_step: 16800, lr: 0.000475, total_loss: 0.0117 clip_loss: 0.0117  (0.0227)
Epoch: 41, global_step: 16900, lr: 0.000474, total_loss: 0.0162 clip_loss: 0.0162  (0.0225)
Epoch: 41, global_step: 17000, lr: 0.000473, total_loss: 0.0380 clip_loss: 0.0380  (0.0225)
Epoch	41	Loss	0.023328761965269222
Epoch: 42, global_step: 17100, lr: 0.000473, total_loss: 0.0269 clip_loss: 0.0269  (0.0234)
Epoch: 42, global_step: 17200, lr: 0.000472, total_loss: 0.0314 clip_loss: 0.0314  (0.0234)
Epoch: 42, global_step: 17300, lr: 0.000471, total_loss: 0.0509 clip_loss: 0.0509  (0.0237)
Epoch: 42, global_step: 17400, lr: 0.000470, total_loss: 0.0176 clip_loss: 0.0176  (0.0234)
Epoch: 42, global_step: 17500, lr: 0.000469, total_loss: 0.0221 clip_loss: 0.0221  (0.0228)
Epoch	42	Loss	0.02274265639629448
Epoch: 43, global_step: 17600, lr: 0.000468, total_loss: 0.0052 clip_loss: 0.0052  (0.0228)
Epoch: 43, global_step: 17700, lr: 0.000467, total_loss: 0.0295 clip_loss: 0.0295  (0.0224)
Epoch: 43, global_step: 17800, lr: 0.000466, total_loss: 0.0298 clip_loss: 0.0298  (0.0223)
Epoch: 43, global_step: 17900, lr: 0.000466, total_loss: 0.0447 clip_loss: 0.0447  (0.0225)
Epoch	43	Loss	0.022240688930323813
Epoch: 44, global_step: 18000, lr: 0.000465, total_loss: 0.0143 clip_loss: 0.0143  (0.0220)
Epoch: 44, global_step: 18100, lr: 0.000464, total_loss: 0.0462 clip_loss: 0.0462  (0.0207)
Epoch: 44, global_step: 18200, lr: 0.000463, total_loss: 0.0231 clip_loss: 0.0231  (0.0204)
Epoch: 44, global_step: 18300, lr: 0.000462, total_loss: 0.0130 clip_loss: 0.0130  (0.0194)
Epoch	44	Loss	0.01880737746617524
Epoch: 45, global_step: 18400, lr: 0.000461, total_loss: 0.0127 clip_loss: 0.0127  (0.0186)
Epoch: 45, global_step: 18500, lr: 0.000460, total_loss: 0.0052 clip_loss: 0.0052  (0.0192)
Epoch: 45, global_step: 18600, lr: 0.000459, total_loss: 0.0185 clip_loss: 0.0185  (0.0202)
Epoch: 45, global_step: 18700, lr: 0.000458, total_loss: 0.0114 clip_loss: 0.0114  (0.0203)
Epoch	45	Loss	0.020378478959552013
Epoch: 46, global_step: 18800, lr: 0.000457, total_loss: 0.0214 clip_loss: 0.0214  (0.0202)
Epoch: 46, global_step: 18900, lr: 0.000456, total_loss: 0.0241 clip_loss: 0.0241  (0.0196)
Epoch: 46, global_step: 19000, lr: 0.000455, total_loss: 0.0040 clip_loss: 0.0040  (0.0191)
Epoch: 46, global_step: 19100, lr: 0.000453, total_loss: 0.0150 clip_loss: 0.0150  (0.0191)
Epoch	46	Loss	0.01885168500978034
Epoch: 47, global_step: 19200, lr: 0.000452, total_loss: 0.0108 clip_loss: 0.0108  (0.0188)
Epoch: 47, global_step: 19300, lr: 0.000451, total_loss: 0.0205 clip_loss: 0.0205  (0.0186)
Epoch: 47, global_step: 19400, lr: 0.000450, total_loss: 0.0056 clip_loss: 0.0056  (0.0187)
Epoch: 47, global_step: 19500, lr: 0.000449, total_loss: 0.0240 clip_loss: 0.0240  (0.0179)
Epoch	47	Loss	0.01708161023259163
Epoch: 48, global_step: 19600, lr: 0.000448, total_loss: 0.0060 clip_loss: 0.0060  (0.0171)
Epoch: 48, global_step: 19700, lr: 0.000447, total_loss: 0.0354 clip_loss: 0.0354  (0.0177)
Epoch: 48, global_step: 19800, lr: 0.000446, total_loss: 0.0012 clip_loss: 0.0012  (0.0173)
Epoch: 48, global_step: 19900, lr: 0.000445, total_loss: 0.0077 clip_loss: 0.0077  (0.0171)
Epoch: 48, global_step: 20000, lr: 0.000443, total_loss: 0.0052 clip_loss: 0.0052  (0.0175)
Epoch	48	Loss	0.01748745143332053
Epoch: 49, global_step: 20100, lr: 0.000442, total_loss: 0.0221 clip_loss: 0.0221  (0.0176)
Epoch: 49, global_step: 20200, lr: 0.000441, total_loss: 0.0180 clip_loss: 0.0180  (0.0182)
Epoch: 49, global_step: 20300, lr: 0.000440, total_loss: 0.0159 clip_loss: 0.0159  (0.0183)
Epoch: 49, global_step: 20400, lr: 0.000439, total_loss: 0.0190 clip_loss: 0.0190  (0.0181)
Epoch	49	Loss	0.018183759258827193
Epoch: 50, global_step: 20500, lr: 0.000437, total_loss: 0.0244 clip_loss: 0.0244  (0.0182)
Epoch: 50, global_step: 20600, lr: 0.000436, total_loss: 0.0096 clip_loss: 0.0096  (0.0175)
Epoch: 50, global_step: 20700, lr: 0.000435, total_loss: 0.0079 clip_loss: 0.0079  (0.0161)
Epoch: 50, global_step: 20800, lr: 0.000434, total_loss: 0.0136 clip_loss: 0.0136  (0.0160)
Epoch	50	Loss	0.016227062953053973
Epoch: 51, global_step: 20900, lr: 0.000433, total_loss: 0.0176 clip_loss: 0.0176  (0.0168)
Epoch: 51, global_step: 21000, lr: 0.000431, total_loss: 0.0280 clip_loss: 0.0280  (0.0164)
Epoch: 51, global_step: 21100, lr: 0.000430, total_loss: 0.0076 clip_loss: 0.0076  (0.0158)
Epoch: 51, global_step: 21200, lr: 0.000429, total_loss: 0.0106 clip_loss: 0.0106  (0.0151)
Epoch	51	Loss	0.015010356851969846
Epoch: 52, global_step: 21300, lr: 0.000427, total_loss: 0.0136 clip_loss: 0.0136  (0.0150)
Epoch: 52, global_step: 21400, lr: 0.000426, total_loss: 0.0160 clip_loss: 0.0160  (0.0150)
Epoch: 52, global_step: 21500, lr: 0.000425, total_loss: 0.0023 clip_loss: 0.0023  (0.0146)
Epoch: 52, global_step: 21600, lr: 0.000423, total_loss: 0.0018 clip_loss: 0.0018  (0.0150)
Epoch	52	Loss	0.015079754704958759
Epoch: 53, global_step: 21700, lr: 0.000422, total_loss: 0.0141 clip_loss: 0.0141  (0.0152)
Epoch: 53, global_step: 21800, lr: 0.000421, total_loss: 0.0210 clip_loss: 0.0210  (0.0154)
Epoch: 53, global_step: 21900, lr: 0.000419, total_loss: 0.0099 clip_loss: 0.0099  (0.0144)
Epoch: 53, global_step: 22000, lr: 0.000418, total_loss: 0.0224 clip_loss: 0.0224  (0.0142)
Epoch: 53, global_step: 22100, lr: 0.000417, total_loss: 0.0061 clip_loss: 0.0061  (0.0145)
Epoch	53	Loss	0.014479289628681728
Epoch: 54, global_step: 22200, lr: 0.000415, total_loss: 0.0037 clip_loss: 0.0037  (0.0146)
Epoch: 54, global_step: 22300, lr: 0.000414, total_loss: 0.0112 clip_loss: 0.0112  (0.0144)
Epoch: 54, global_step: 22400, lr: 0.000413, total_loss: 0.0091 clip_loss: 0.0091  (0.0145)
Epoch: 54, global_step: 22500, lr: 0.000411, total_loss: 0.0055 clip_loss: 0.0055  (0.0149)
Epoch	54	Loss	0.014907973993686027
Epoch: 55, global_step: 22600, lr: 0.000410, total_loss: 0.0079 clip_loss: 0.0079  (0.0145)
Epoch: 55, global_step: 22700, lr: 0.000408, total_loss: 0.0088 clip_loss: 0.0088  (0.0144)
Epoch: 55, global_step: 22800, lr: 0.000407, total_loss: 0.0256 clip_loss: 0.0256  (0.0146)
Epoch: 55, global_step: 22900, lr: 0.000406, total_loss: 0.0164 clip_loss: 0.0164  (0.0149)
Epoch	55	Loss	0.014911623599822633
Epoch: 56, global_step: 23000, lr: 0.000404, total_loss: 0.0235 clip_loss: 0.0235  (0.0148)
Epoch: 56, global_step: 23100, lr: 0.000403, total_loss: 0.0107 clip_loss: 0.0107  (0.0142)
Epoch: 56, global_step: 23200, lr: 0.000401, total_loss: 0.0127 clip_loss: 0.0127  (0.0139)
Epoch: 56, global_step: 23300, lr: 0.000400, total_loss: 0.0178 clip_loss: 0.0178  (0.0136)
Epoch	56	Loss	0.01353722587908851
Epoch: 57, global_step: 23400, lr: 0.000398, total_loss: 0.0071 clip_loss: 0.0071  (0.0137)
Epoch: 57, global_step: 23500, lr: 0.000397, total_loss: 0.0101 clip_loss: 0.0101  (0.0135)
Epoch: 57, global_step: 23600, lr: 0.000395, total_loss: 0.0064 clip_loss: 0.0064  (0.0136)
Epoch: 57, global_step: 23700, lr: 0.000394, total_loss: 0.0042 clip_loss: 0.0042  (0.0135)
Epoch	57	Loss	0.013027607725001871
Epoch: 58, global_step: 23800, lr: 0.000392, total_loss: 0.0142 clip_loss: 0.0142  (0.0126)
Epoch: 58, global_step: 23900, lr: 0.000391, total_loss: 0.0029 clip_loss: 0.0029  (0.0119)
Epoch: 58, global_step: 24000, lr: 0.000389, total_loss: 0.0079 clip_loss: 0.0079  (0.0114)
Epoch: 58, global_step: 24100, lr: 0.000388, total_loss: 0.0105 clip_loss: 0.0105  (0.0118)
Epoch	58	Loss	0.01176315882531344
Epoch: 59, global_step: 24200, lr: 0.000386, total_loss: 0.0029 clip_loss: 0.0029  (0.0118)
Epoch: 59, global_step: 24300, lr: 0.000385, total_loss: 0.0053 clip_loss: 0.0053  (0.0119)
Epoch: 59, global_step: 24400, lr: 0.000383, total_loss: 0.0120 clip_loss: 0.0120  (0.0115)
Epoch: 59, global_step: 24500, lr: 0.000381, total_loss: 0.0127 clip_loss: 0.0127  (0.0112)
Epoch: 59, global_step: 24600, lr: 0.000380, total_loss: 0.0163 clip_loss: 0.0163  (0.0111)
Epoch	59	Loss	0.011139221112272935
Epoch: 60, global_step: 24700, lr: 0.000378, total_loss: 0.0090 clip_loss: 0.0090  (0.0113)
Epoch: 60, global_step: 24800, lr: 0.000377, total_loss: 0.0123 clip_loss: 0.0123  (0.0117)
Epoch: 60, global_step: 24900, lr: 0.000375, total_loss: 0.0015 clip_loss: 0.0015  (0.0119)
Epoch: 60, global_step: 25000, lr: 0.000374, total_loss: 0.0155 clip_loss: 0.0155  (0.0122)
Epoch	60	Loss	0.012124642705137375
Epoch: 61, global_step: 25100, lr: 0.000372, total_loss: 0.0127 clip_loss: 0.0127  (0.0122)
Epoch: 61, global_step: 25200, lr: 0.000370, total_loss: 0.0062 clip_loss: 0.0062  (0.0119)
Epoch: 61, global_step: 25300, lr: 0.000369, total_loss: 0.0087 clip_loss: 0.0087  (0.0119)
Epoch: 61, global_step: 25400, lr: 0.000367, total_loss: 0.0208 clip_loss: 0.0208  (0.0119)
Epoch	61	Loss	0.011913648352143355
Epoch: 62, global_step: 25500, lr: 0.000365, total_loss: 0.0397 clip_loss: 0.0397  (0.0118)
Epoch: 62, global_step: 25600, lr: 0.000364, total_loss: 0.0157 clip_loss: 0.0157  (0.0115)
Epoch: 62, global_step: 25700, lr: 0.000362, total_loss: 0.0082 clip_loss: 0.0082  (0.0111)
Epoch: 62, global_step: 25800, lr: 0.000361, total_loss: 0.0301 clip_loss: 0.0301  (0.0108)
Epoch	62	Loss	0.010790828032768332
Epoch: 63, global_step: 25900, lr: 0.000359, total_loss: 0.0139 clip_loss: 0.0139  (0.0109)
Epoch: 63, global_step: 26000, lr: 0.000357, total_loss: 0.0047 clip_loss: 0.0047  (0.0108)
Epoch: 63, global_step: 26100, lr: 0.000356, total_loss: 0.0014 clip_loss: 0.0014  (0.0104)
Epoch: 63, global_step: 26200, lr: 0.000354, total_loss: 0.0012 clip_loss: 0.0012  (0.0104)
Epoch	63	Loss	0.010395926511759171
Epoch: 64, global_step: 26300, lr: 0.000352, total_loss: 0.0071 clip_loss: 0.0071  (0.0104)
Epoch: 64, global_step: 26400, lr: 0.000351, total_loss: 0.0056 clip_loss: 0.0056  (0.0105)
Epoch: 64, global_step: 26500, lr: 0.000349, total_loss: 0.0059 clip_loss: 0.0059  (0.0103)
Epoch: 64, global_step: 26600, lr: 0.000347, total_loss: 0.0061 clip_loss: 0.0061  (0.0104)
Epoch	64	Loss	0.010604447414254536
Epoch: 65, global_step: 26700, lr: 0.000345, total_loss: 0.0077 clip_loss: 0.0077  (0.0106)
Epoch: 65, global_step: 26800, lr: 0.000344, total_loss: 0.0093 clip_loss: 0.0093  (0.0105)
Epoch: 65, global_step: 26900, lr: 0.000342, total_loss: 0.0102 clip_loss: 0.0102  (0.0107)
Epoch: 65, global_step: 27000, lr: 0.000340, total_loss: 0.0080 clip_loss: 0.0080  (0.0105)
Epoch: 65, global_step: 27100, lr: 0.000339, total_loss: 0.0094 clip_loss: 0.0094  (0.0103)
Epoch	65	Loss	0.010324296522929217
Epoch: 66, global_step: 27200, lr: 0.000337, total_loss: 0.0138 clip_loss: 0.0138  (0.0102)
Epoch: 66, global_step: 27300, lr: 0.000335, total_loss: 0.0078 clip_loss: 0.0078  (0.0098)
Epoch: 66, global_step: 27400, lr: 0.000333, total_loss: 0.0010 clip_loss: 0.0010  (0.0103)
Epoch: 66, global_step: 27500, lr: 0.000332, total_loss: 0.0032 clip_loss: 0.0032  (0.0101)
Epoch	66	Loss	0.010048887234661378
Epoch: 67, global_step: 27600, lr: 0.000330, total_loss: 0.0010 clip_loss: 0.0010  (0.0097)
Epoch: 67, global_step: 27700, lr: 0.000328, total_loss: 0.0043 clip_loss: 0.0043  (0.0095)
Epoch: 67, global_step: 27800, lr: 0.000326, total_loss: 0.0118 clip_loss: 0.0118  (0.0093)
Epoch: 67, global_step: 27900, lr: 0.000325, total_loss: 0.0060 clip_loss: 0.0060  (0.0086)
Epoch	67	Loss	0.008518241068028147
Epoch: 68, global_step: 28000, lr: 0.000323, total_loss: 0.0008 clip_loss: 0.0008  (0.0085)
Epoch: 68, global_step: 28100, lr: 0.000321, total_loss: 0.0056 clip_loss: 0.0056  (0.0086)
Epoch: 68, global_step: 28200, lr: 0.000319, total_loss: 0.0102 clip_loss: 0.0102  (0.0089)
Epoch: 68, global_step: 28300, lr: 0.000318, total_loss: 0.0030 clip_loss: 0.0030  (0.0089)
Epoch	68	Loss	0.008539612243519514
Epoch: 69, global_step: 28400, lr: 0.000316, total_loss: 0.0021 clip_loss: 0.0021  (0.0082)
Epoch: 69, global_step: 28500, lr: 0.000314, total_loss: 0.0074 clip_loss: 0.0074  (0.0082)
Epoch: 69, global_step: 28600, lr: 0.000312, total_loss: 0.0026 clip_loss: 0.0026  (0.0083)
Epoch: 69, global_step: 28700, lr: 0.000311, total_loss: 0.0109 clip_loss: 0.0109  (0.0085)
Epoch	69	Loss	0.008500105112150777
Epoch: 70, global_step: 28800, lr: 0.000309, total_loss: 0.0084 clip_loss: 0.0084  (0.0085)
Epoch: 70, global_step: 28900, lr: 0.000307, total_loss: 0.0037 clip_loss: 0.0037  (0.0085)
Epoch: 70, global_step: 29000, lr: 0.000305, total_loss: 0.0063 clip_loss: 0.0063  (0.0085)
Epoch: 70, global_step: 29100, lr: 0.000303, total_loss: 0.0168 clip_loss: 0.0168  (0.0085)
Epoch	70	Loss	0.008421489063664921
Epoch: 71, global_step: 29200, lr: 0.000302, total_loss: 0.0023 clip_loss: 0.0023  (0.0084)
Epoch: 71, global_step: 29300, lr: 0.000300, total_loss: 0.0103 clip_loss: 0.0103  (0.0084)
Epoch: 71, global_step: 29400, lr: 0.000298, total_loss: 0.0050 clip_loss: 0.0050  (0.0083)
Epoch: 71, global_step: 29500, lr: 0.000296, total_loss: 0.0041 clip_loss: 0.0041  (0.0084)
Epoch: 71, global_step: 29600, lr: 0.000294, total_loss: 0.0049 clip_loss: 0.0049  (0.0082)
Epoch	71	Loss	0.008159494860941778
Epoch: 72, global_step: 29700, lr: 0.000293, total_loss: 0.0017 clip_loss: 0.0017  (0.0080)
Epoch: 72, global_step: 29800, lr: 0.000291, total_loss: 0.0062 clip_loss: 0.0062  (0.0078)
Epoch: 72, global_step: 29900, lr: 0.000289, total_loss: 0.0106 clip_loss: 0.0106  (0.0081)
Epoch: 72, global_step: 30000, lr: 0.000287, total_loss: 0.0020 clip_loss: 0.0020  (0.0078)
Epoch	72	Loss	0.007804756390258263
Epoch: 73, global_step: 30100, lr: 0.000285, total_loss: 0.0065 clip_loss: 0.0065  (0.0077)
Epoch: 73, global_step: 30200, lr: 0.000283, total_loss: 0.0027 clip_loss: 0.0027  (0.0074)
Epoch: 73, global_step: 30300, lr: 0.000282, total_loss: 0.0267 clip_loss: 0.0267  (0.0075)
Epoch: 73, global_step: 30400, lr: 0.000280, total_loss: 0.0011 clip_loss: 0.0011  (0.0074)
Epoch	73	Loss	0.007497197815428081
Epoch: 74, global_step: 30500, lr: 0.000278, total_loss: 0.0063 clip_loss: 0.0063  (0.0074)
Epoch: 74, global_step: 30600, lr: 0.000276, total_loss: 0.0113 clip_loss: 0.0113  (0.0072)
Epoch: 74, global_step: 30700, lr: 0.000274, total_loss: 0.0086 clip_loss: 0.0086  (0.0074)
Epoch: 74, global_step: 30800, lr: 0.000273, total_loss: 0.0053 clip_loss: 0.0053  (0.0072)
Epoch	74	Loss	0.007132420588914101
Epoch: 75, global_step: 30900, lr: 0.000271, total_loss: 0.0133 clip_loss: 0.0133  (0.0071)
Epoch: 75, global_step: 31000, lr: 0.000269, total_loss: 0.0210 clip_loss: 0.0210  (0.0074)
Epoch: 75, global_step: 31100, lr: 0.000267, total_loss: 0.0047 clip_loss: 0.0047  (0.0074)
Epoch: 75, global_step: 31200, lr: 0.000265, total_loss: 0.0002 clip_loss: 0.0002  (0.0072)
Epoch	75	Loss	0.007053124320616917
Epoch: 76, global_step: 31300, lr: 0.000263, total_loss: 0.0034 clip_loss: 0.0034  (0.0070)
Epoch: 76, global_step: 31400, lr: 0.000262, total_loss: 0.0062 clip_loss: 0.0062  (0.0068)
Epoch: 76, global_step: 31500, lr: 0.000260, total_loss: 0.0058 clip_loss: 0.0058  (0.0066)
Epoch: 76, global_step: 31600, lr: 0.000258, total_loss: 0.0013 clip_loss: 0.0013  (0.0065)
Epoch	76	Loss	0.0062841558477593935
Epoch: 77, global_step: 31700, lr: 0.000256, total_loss: 0.0121 clip_loss: 0.0121  (0.0063)
Epoch: 77, global_step: 31800, lr: 0.000254, total_loss: 0.0112 clip_loss: 0.0112  (0.0062)
Epoch: 77, global_step: 31900, lr: 0.000252, total_loss: 0.0149 clip_loss: 0.0149  (0.0059)
Epoch: 77, global_step: 32000, lr: 0.000250, total_loss: 0.0032 clip_loss: 0.0032  (0.0057)
Epoch: 77, global_step: 32100, lr: 0.000249, total_loss: 0.0016 clip_loss: 0.0016  (0.0058)
Epoch	77	Loss	0.00578925828773572
Epoch: 78, global_step: 32200, lr: 0.000247, total_loss: 0.0112 clip_loss: 0.0112  (0.0058)
Epoch: 78, global_step: 32300, lr: 0.000245, total_loss: 0.0222 clip_loss: 0.0222  (0.0058)
Epoch: 78, global_step: 32400, lr: 0.000243, total_loss: 0.0075 clip_loss: 0.0075  (0.0057)
Epoch: 78, global_step: 32500, lr: 0.000241, total_loss: 0.0009 clip_loss: 0.0009  (0.0060)
Epoch	78	Loss	0.005942360188976636
Epoch: 79, global_step: 32600, lr: 0.000239, total_loss: 0.0082 clip_loss: 0.0082  (0.0061)
Epoch: 79, global_step: 32700, lr: 0.000238, total_loss: 0.0050 clip_loss: 0.0050  (0.0062)
Epoch: 79, global_step: 32800, lr: 0.000236, total_loss: 0.0066 clip_loss: 0.0066  (0.0063)
Epoch: 79, global_step: 32900, lr: 0.000234, total_loss: 0.0021 clip_loss: 0.0021  (0.0063)
Epoch	79	Loss	0.006234224730641472
Epoch: 80, global_step: 33000, lr: 0.000232, total_loss: 0.0031 clip_loss: 0.0031  (0.0062)
Epoch: 80, global_step: 33100, lr: 0.000230, total_loss: 0.0014 clip_loss: 0.0014  (0.0060)
Epoch: 80, global_step: 33200, lr: 0.000228, total_loss: 0.0001 clip_loss: 0.0001  (0.0059)
Epoch: 80, global_step: 33300, lr: 0.000227, total_loss: 0.0166 clip_loss: 0.0166  (0.0058)
Epoch	80	Loss	0.005737500956312033
Epoch: 81, global_step: 33400, lr: 0.000225, total_loss: 0.0008 clip_loss: 0.0008  (0.0057)
Epoch: 81, global_step: 33500, lr: 0.000223, total_loss: 0.0007 clip_loss: 0.0007  (0.0055)
Epoch: 81, global_step: 33600, lr: 0.000221, total_loss: 0.0037 clip_loss: 0.0037  (0.0052)
Epoch: 81, global_step: 33700, lr: 0.000219, total_loss: 0.0063 clip_loss: 0.0063  (0.0052)
Epoch	81	Loss	0.005230274264260515
Epoch: 82, global_step: 33800, lr: 0.000217, total_loss: 0.0050 clip_loss: 0.0050  (0.0053)
Epoch: 82, global_step: 33900, lr: 0.000216, total_loss: 0.0002 clip_loss: 0.0002  (0.0052)
Epoch: 82, global_step: 34000, lr: 0.000214, total_loss: 0.0003 clip_loss: 0.0003  (0.0051)
Epoch: 82, global_step: 34100, lr: 0.000212, total_loss: 0.0007 clip_loss: 0.0007  (0.0050)
Epoch	82	Loss	0.004885478978278115
Epoch: 83, global_step: 34200, lr: 0.000210, total_loss: 0.0054 clip_loss: 0.0054  (0.0049)
Epoch: 83, global_step: 34300, lr: 0.000208, total_loss: 0.0054 clip_loss: 0.0054  (0.0049)
Epoch: 83, global_step: 34400, lr: 0.000207, total_loss: 0.0057 clip_loss: 0.0057  (0.0050)
Epoch: 83, global_step: 34500, lr: 0.000205, total_loss: 0.0142 clip_loss: 0.0142  (0.0048)
Epoch: 83, global_step: 34600, lr: 0.000203, total_loss: 0.0004 clip_loss: 0.0004  (0.0049)
Epoch	83	Loss	0.004885493091222088
Epoch: 84, global_step: 34700, lr: 0.000201, total_loss: 0.0002 clip_loss: 0.0002  (0.0047)
Epoch: 84, global_step: 34800, lr: 0.000199, total_loss: 0.0044 clip_loss: 0.0044  (0.0049)
Epoch: 84, global_step: 34900, lr: 0.000198, total_loss: 0.0106 clip_loss: 0.0106  (0.0048)
Epoch: 84, global_step: 35000, lr: 0.000196, total_loss: 0.0115 clip_loss: 0.0115  (0.0048)
Epoch	84	Loss	0.0048713415296606395
Epoch: 85, global_step: 35100, lr: 0.000194, total_loss: 0.0090 clip_loss: 0.0090  (0.0050)
Epoch: 85, global_step: 35200, lr: 0.000192, total_loss: 0.0016 clip_loss: 0.0016  (0.0051)
Epoch: 85, global_step: 35300, lr: 0.000190, total_loss: 0.0017 clip_loss: 0.0017  (0.0050)
Epoch: 85, global_step: 35400, lr: 0.000189, total_loss: 0.0048 clip_loss: 0.0048  (0.0050)
Epoch	85	Loss	0.005018301026886547
Epoch: 86, global_step: 35500, lr: 0.000187, total_loss: 0.0005 clip_loss: 0.0005  (0.0051)
Epoch: 86, global_step: 35600, lr: 0.000185, total_loss: 0.0001 clip_loss: 0.0001  (0.0051)
Epoch: 86, global_step: 35700, lr: 0.000183, total_loss: 0.0044 clip_loss: 0.0044  (0.0052)
Epoch: 86, global_step: 35800, lr: 0.000181, total_loss: 0.0027 clip_loss: 0.0027  (0.0049)
Epoch	86	Loss	0.004800591890932992
Epoch: 87, global_step: 35900, lr: 0.000180, total_loss: 0.0003 clip_loss: 0.0003  (0.0047)
Epoch: 87, global_step: 36000, lr: 0.000178, total_loss: 0.0055 clip_loss: 0.0055  (0.0046)
Epoch: 87, global_step: 36100, lr: 0.000176, total_loss: 0.0005 clip_loss: 0.0005  (0.0044)
Epoch: 87, global_step: 36200, lr: 0.000174, total_loss: 0.0114 clip_loss: 0.0114  (0.0042)
Epoch	87	Loss	0.004248910560501827
Epoch: 88, global_step: 36300, lr: 0.000173, total_loss: 0.0117 clip_loss: 0.0117  (0.0042)
Epoch: 88, global_step: 36400, lr: 0.000171, total_loss: 0.0002 clip_loss: 0.0002  (0.0043)
Epoch: 88, global_step: 36500, lr: 0.000169, total_loss: 0.0076 clip_loss: 0.0076  (0.0043)
Epoch: 88, global_step: 36600, lr: 0.000167, total_loss: 0.0047 clip_loss: 0.0047  (0.0042)
Epoch	88	Loss	0.004120627410915404
Epoch: 89, global_step: 36700, lr: 0.000166, total_loss: 0.0003 clip_loss: 0.0003  (0.0041)
Epoch: 89, global_step: 36800, lr: 0.000164, total_loss: 0.0016 clip_loss: 0.0016  (0.0040)
Epoch: 89, global_step: 36900, lr: 0.000162, total_loss: 0.0004 clip_loss: 0.0004  (0.0040)
Epoch: 89, global_step: 37000, lr: 0.000161, total_loss: 0.0015 clip_loss: 0.0015  (0.0040)
Epoch: 89, global_step: 37100, lr: 0.000159, total_loss: 0.0031 clip_loss: 0.0031  (0.0039)
Epoch	89	Loss	0.0038992387193093237
Epoch: 90, global_step: 37200, lr: 0.000157, total_loss: 0.0015 clip_loss: 0.0015  (0.0039)
Epoch: 90, global_step: 37300, lr: 0.000155, total_loss: 0.0048 clip_loss: 0.0048  (0.0038)
Epoch: 90, global_step: 37400, lr: 0.000154, total_loss: 0.0020 clip_loss: 0.0020  (0.0038)
Epoch: 90, global_step: 37500, lr: 0.000152, total_loss: 0.0037 clip_loss: 0.0037  (0.0037)
Epoch	90	Loss	0.003712037534585761
Epoch: 91, global_step: 37600, lr: 0.000150, total_loss: 0.0039 clip_loss: 0.0039  (0.0036)
Epoch: 91, global_step: 37700, lr: 0.000149, total_loss: 0.0032 clip_loss: 0.0032  (0.0035)
Epoch: 91, global_step: 37800, lr: 0.000147, total_loss: 0.0007 clip_loss: 0.0007  (0.0036)
Epoch: 91, global_step: 37900, lr: 0.000145, total_loss: 0.0069 clip_loss: 0.0069  (0.0038)
Epoch	91	Loss	0.003939516490640926
Epoch: 92, global_step: 38000, lr: 0.000144, total_loss: 0.0010 clip_loss: 0.0010  (0.0040)
Epoch: 92, global_step: 38100, lr: 0.000142, total_loss: 0.0001 clip_loss: 0.0001  (0.0040)
Epoch: 92, global_step: 38200, lr: 0.000140, total_loss: 0.0104 clip_loss: 0.0104  (0.0040)
Epoch: 92, global_step: 38300, lr: 0.000139, total_loss: 0.0025 clip_loss: 0.0025  (0.0040)
Epoch	92	Loss	0.004033159613138195
Epoch: 93, global_step: 38400, lr: 0.000137, total_loss: 0.0003 clip_loss: 0.0003  (0.0039)
Epoch: 93, global_step: 38500, lr: 0.000135, total_loss: 0.0056 clip_loss: 0.0056  (0.0038)
Epoch: 93, global_step: 38600, lr: 0.000134, total_loss: 0.0003 clip_loss: 0.0003  (0.0038)
Epoch: 93, global_step: 38700, lr: 0.000132, total_loss: 0.0008 clip_loss: 0.0008  (0.0038)
Epoch	93	Loss	0.0037538935950478846
Epoch: 94, global_step: 38800, lr: 0.000130, total_loss: 0.0104 clip_loss: 0.0104  (0.0037)
Epoch: 94, global_step: 38900, lr: 0.000129, total_loss: 0.0035 clip_loss: 0.0035  (0.0035)
Epoch: 94, global_step: 39000, lr: 0.000127, total_loss: 0.0004 clip_loss: 0.0004  (0.0034)
Epoch: 94, global_step: 39100, lr: 0.000126, total_loss: 0.0044 clip_loss: 0.0044  (0.0034)
Epoch	94	Loss	0.003446544350425029
Epoch: 95, global_step: 39200, lr: 0.000124, total_loss: 0.0000 clip_loss: 0.0000  (0.0034)
Epoch: 95, global_step: 39300, lr: 0.000122, total_loss: 0.0006 clip_loss: 0.0006  (0.0035)
Epoch: 95, global_step: 39400, lr: 0.000121, total_loss: 0.0029 clip_loss: 0.0029  (0.0033)
Epoch: 95, global_step: 39500, lr: 0.000119, total_loss: 0.0016 clip_loss: 0.0016  (0.0032)
Epoch: 95, global_step: 39600, lr: 0.000118, total_loss: 0.0024 clip_loss: 0.0024  (0.0032)
Epoch	95	Loss	0.003220944812595917
Epoch: 96, global_step: 39700, lr: 0.000116, total_loss: 0.0050 clip_loss: 0.0050  (0.0032)
Epoch: 96, global_step: 39800, lr: 0.000115, total_loss: 0.0066 clip_loss: 0.0066  (0.0031)
Epoch: 96, global_step: 39900, lr: 0.000113, total_loss: 0.0019 clip_loss: 0.0019  (0.0031)
Epoch: 96, global_step: 40000, lr: 0.000112, total_loss: 0.0393 clip_loss: 0.0393  (0.0032)
Epoch	96	Loss	0.0033029302790980636
Epoch: 97, global_step: 40100, lr: 0.000110, total_loss: 0.0055 clip_loss: 0.0055  (0.0033)
Epoch: 97, global_step: 40200, lr: 0.000109, total_loss: 0.0012 clip_loss: 0.0012  (0.0032)
Epoch: 97, global_step: 40300, lr: 0.000107, total_loss: 0.0035 clip_loss: 0.0035  (0.0031)
Epoch: 97, global_step: 40400, lr: 0.000106, total_loss: 0.0002 clip_loss: 0.0002  (0.0031)
Epoch	97	Loss	0.0030930664458271623
Epoch: 98, global_step: 40500, lr: 0.000104, total_loss: 0.0002 clip_loss: 0.0002  (0.0031)
Epoch: 98, global_step: 40600, lr: 0.000103, total_loss: 0.0035 clip_loss: 0.0035  (0.0031)
Epoch: 98, global_step: 40700, lr: 0.000101, total_loss: 0.0006 clip_loss: 0.0006  (0.0031)
Epoch: 98, global_step: 40800, lr: 0.000100, total_loss: 0.0006 clip_loss: 0.0006  (0.0030)
Epoch	98	Loss	0.00303949430104376
Epoch: 99, global_step: 40900, lr: 0.000098, total_loss: 0.0051 clip_loss: 0.0051  (0.0030)
Epoch: 99, global_step: 41000, lr: 0.000097, total_loss: 0.0003 clip_loss: 0.0003  (0.0029)
Epoch: 99, global_step: 41100, lr: 0.000095, total_loss: 0.0010 clip_loss: 0.0010  (0.0028)
Epoch: 99, global_step: 41200, lr: 0.000094, total_loss: 0.0023 clip_loss: 0.0023  (0.0028)
Epoch	99	Loss	0.0027072417465535637
Epoch: 100, global_step: 41300, lr: 0.000092, total_loss: 0.0007 clip_loss: 0.0007  (0.0027)
Epoch: 100, global_step: 41400, lr: 0.000091, total_loss: 0.0003 clip_loss: 0.0003  (0.0027)
Epoch: 100, global_step: 41500, lr: 0.000090, total_loss: 0.0043 clip_loss: 0.0043  (0.0027)
Epoch: 100, global_step: 41600, lr: 0.000088, total_loss: 0.0001 clip_loss: 0.0001  (0.0028)
Epoch: 100, global_step: 41700, lr: 0.000087, total_loss: 0.0000 clip_loss: 0.0000  (0.0028)
Epoch	100	Loss	0.0027890979772428183
Epoch: 101, global_step: 41800, lr: 0.000085, total_loss: 0.0015 clip_loss: 0.0015  (0.0028)
Epoch: 101, global_step: 41900, lr: 0.000084, total_loss: 0.0000 clip_loss: 0.0000  (0.0027)
Epoch: 101, global_step: 42000, lr: 0.000083, total_loss: 0.0033 clip_loss: 0.0033  (0.0027)
Epoch: 101, global_step: 42100, lr: 0.000081, total_loss: 0.0008 clip_loss: 0.0008  (0.0027)
Epoch	101	Loss	0.002668413908085995
Epoch: 102, global_step: 42200, lr: 0.000080, total_loss: 0.0010 clip_loss: 0.0010  (0.0027)
Epoch: 102, global_step: 42300, lr: 0.000079, total_loss: 0.0047 clip_loss: 0.0047  (0.0027)
Epoch: 102, global_step: 42400, lr: 0.000077, total_loss: 0.0025 clip_loss: 0.0025  (0.0027)
Epoch: 102, global_step: 42500, lr: 0.000076, total_loss: 0.0030 clip_loss: 0.0030  (0.0027)
Epoch	102	Loss	0.0026417634895128687
Epoch: 103, global_step: 42600, lr: 0.000075, total_loss: 0.0035 clip_loss: 0.0035  (0.0026)
Epoch: 103, global_step: 42700, lr: 0.000073, total_loss: 0.0009 clip_loss: 0.0009  (0.0025)
Epoch: 103, global_step: 42800, lr: 0.000072, total_loss: 0.0001 clip_loss: 0.0001  (0.0025)
Epoch: 103, global_step: 42900, lr: 0.000071, total_loss: 0.0000 clip_loss: 0.0000  (0.0024)
Epoch	103	Loss	0.00241983463921315
Epoch: 104, global_step: 43000, lr: 0.000069, total_loss: 0.0027 clip_loss: 0.0027  (0.0024)
Epoch: 104, global_step: 43100, lr: 0.000068, total_loss: 0.0019 clip_loss: 0.0019  (0.0025)
Epoch: 104, global_step: 43200, lr: 0.000067, total_loss: 0.0015 clip_loss: 0.0015  (0.0024)
Epoch: 104, global_step: 43300, lr: 0.000066, total_loss: 0.0005 clip_loss: 0.0005  (0.0024)
Epoch	104	Loss	0.0024051141455008747
Epoch: 105, global_step: 43400, lr: 0.000064, total_loss: 0.0014 clip_loss: 0.0014  (0.0024)
Epoch: 105, global_step: 43500, lr: 0.000063, total_loss: 0.0009 clip_loss: 0.0009  (0.0024)
Epoch: 105, global_step: 43600, lr: 0.000062, total_loss: 0.0004 clip_loss: 0.0004  (0.0024)
Epoch: 105, global_step: 43700, lr: 0.000061, total_loss: 0.0001 clip_loss: 0.0001  (0.0023)
Epoch	105	Loss	0.002225426023356363
Epoch: 106, global_step: 43800, lr: 0.000060, total_loss: 0.0009 clip_loss: 0.0009  (0.0022)
Epoch: 106, global_step: 43900, lr: 0.000058, total_loss: 0.0033 clip_loss: 0.0033  (0.0022)
Epoch: 106, global_step: 44000, lr: 0.000057, total_loss: 0.0007 clip_loss: 0.0007  (0.0022)
Epoch: 106, global_step: 44100, lr: 0.000056, total_loss: 0.0095 clip_loss: 0.0095  (0.0021)
Epoch: 106, global_step: 44200, lr: 0.000055, total_loss: 0.0008 clip_loss: 0.0008  (0.0021)
Epoch	106	Loss	0.0020743715622642185
Epoch: 107, global_step: 44300, lr: 0.000054, total_loss: 0.0029 clip_loss: 0.0029  (0.0021)
Epoch: 107, global_step: 44400, lr: 0.000053, total_loss: 0.0002 clip_loss: 0.0002  (0.0021)
Epoch: 107, global_step: 44500, lr: 0.000051, total_loss: 0.0001 clip_loss: 0.0001  (0.0020)
Epoch: 107, global_step: 44600, lr: 0.000050, total_loss: 0.0077 clip_loss: 0.0077  (0.0020)
Epoch	107	Loss	0.002046933874476167
Epoch: 108, global_step: 44700, lr: 0.000049, total_loss: 0.0078 clip_loss: 0.0078  (0.0021)
Epoch: 108, global_step: 44800, lr: 0.000048, total_loss: 0.0000 clip_loss: 0.0000  (0.0021)
Epoch: 108, global_step: 44900, lr: 0.000047, total_loss: 0.0002 clip_loss: 0.0002  (0.0021)
Epoch: 108, global_step: 45000, lr: 0.000046, total_loss: 0.0002 clip_loss: 0.0002  (0.0020)
Epoch	108	Loss	0.002042547516664513
Epoch: 109, global_step: 45100, lr: 0.000045, total_loss: 0.0004 clip_loss: 0.0004  (0.0021)
Epoch: 109, global_step: 45200, lr: 0.000044, total_loss: 0.0004 clip_loss: 0.0004  (0.0021)
Epoch: 109, global_step: 45300, lr: 0.000043, total_loss: 0.0047 clip_loss: 0.0047  (0.0021)
Epoch: 109, global_step: 45400, lr: 0.000042, total_loss: 0.0013 clip_loss: 0.0013  (0.0020)
Epoch	109	Loss	0.0020170000779904597
Epoch: 110, global_step: 45500, lr: 0.000041, total_loss: 0.0011 clip_loss: 0.0011  (0.0021)
Epoch: 110, global_step: 45600, lr: 0.000040, total_loss: 0.0001 clip_loss: 0.0001  (0.0020)
Epoch: 110, global_step: 45700, lr: 0.000039, total_loss: 0.0002 clip_loss: 0.0002  (0.0020)
Epoch: 110, global_step: 45800, lr: 0.000038, total_loss: 0.0000 clip_loss: 0.0000  (0.0020)
Epoch	110	Loss	0.0018712813540416563
Epoch: 111, global_step: 45900, lr: 0.000037, total_loss: 0.0000 clip_loss: 0.0000  (0.0019)
Epoch: 111, global_step: 46000, lr: 0.000036, total_loss: 0.0002 clip_loss: 0.0002  (0.0019)
Epoch: 111, global_step: 46100, lr: 0.000035, total_loss: 0.0003 clip_loss: 0.0003  (0.0018)
Epoch: 111, global_step: 46200, lr: 0.000034, total_loss: 0.0008 clip_loss: 0.0008  (0.0018)
Epoch	111	Loss	0.0017020214727363054
Epoch: 112, global_step: 46300, lr: 0.000033, total_loss: 0.0005 clip_loss: 0.0005  (0.0017)
Epoch: 112, global_step: 46400, lr: 0.000032, total_loss: 0.0000 clip_loss: 0.0000  (0.0017)
Epoch: 112, global_step: 46500, lr: 0.000031, total_loss: 0.0000 clip_loss: 0.0000  (0.0016)
Epoch: 112, global_step: 46600, lr: 0.000030, total_loss: 0.0004 clip_loss: 0.0004  (0.0016)
Epoch: 112, global_step: 46700, lr: 0.000030, total_loss: 0.0003 clip_loss: 0.0003  (0.0016)
Epoch	112	Loss	0.0016403710618193513
Epoch: 113, global_step: 46800, lr: 0.000029, total_loss: 0.0023 clip_loss: 0.0023  (0.0017)
Epoch: 113, global_step: 46900, lr: 0.000028, total_loss: 0.0018 clip_loss: 0.0018  (0.0017)
Epoch: 113, global_step: 47000, lr: 0.000027, total_loss: 0.0000 clip_loss: 0.0000  (0.0017)
Epoch: 113, global_step: 47100, lr: 0.000026, total_loss: 0.0051 clip_loss: 0.0051  (0.0017)
Epoch	113	Loss	0.0017674095364418178
Epoch: 114, global_step: 47200, lr: 0.000025, total_loss: 0.0000 clip_loss: 0.0000  (0.0018)
Epoch: 114, global_step: 47300, lr: 0.000025, total_loss: 0.0015 clip_loss: 0.0015  (0.0018)
Epoch: 114, global_step: 47400, lr: 0.000024, total_loss: 0.0013 clip_loss: 0.0013  (0.0019)
Epoch: 114, global_step: 47500, lr: 0.000023, total_loss: 0.0007 clip_loss: 0.0007  (0.0019)
Epoch	114	Loss	0.0018855874682901686
Epoch: 115, global_step: 47600, lr: 0.000022, total_loss: 0.0002 clip_loss: 0.0002  (0.0019)
Epoch: 115, global_step: 47700, lr: 0.000021, total_loss: 0.0012 clip_loss: 0.0012  (0.0018)
Epoch: 115, global_step: 47800, lr: 0.000021, total_loss: 0.0000 clip_loss: 0.0000  (0.0018)
Epoch: 115, global_step: 47900, lr: 0.000020, total_loss: 0.0001 clip_loss: 0.0001  (0.0018)
Epoch	115	Loss	0.0018060002295278536
Epoch: 116, global_step: 48000, lr: 0.000019, total_loss: 0.0000 clip_loss: 0.0000  (0.0017)
Epoch: 116, global_step: 48100, lr: 0.000019, total_loss: 0.0040 clip_loss: 0.0040  (0.0017)
Epoch: 116, global_step: 48200, lr: 0.000018, total_loss: 0.0005 clip_loss: 0.0005  (0.0016)
Epoch: 116, global_step: 48300, lr: 0.000017, total_loss: 0.0002 clip_loss: 0.0002  (0.0016)
Epoch	116	Loss	0.0015850251052252134
Epoch: 117, global_step: 48400, lr: 0.000017, total_loss: 0.0001 clip_loss: 0.0001  (0.0016)
Epoch: 117, global_step: 48500, lr: 0.000016, total_loss: 0.0004 clip_loss: 0.0004  (0.0015)
Epoch: 117, global_step: 48600, lr: 0.000015, total_loss: 0.0011 clip_loss: 0.0011  (0.0015)
Epoch: 117, global_step: 48700, lr: 0.000015, total_loss: 0.0000 clip_loss: 0.0000  (0.0015)
Epoch	117	Loss	0.0014500288708303515
Epoch: 118, global_step: 48800, lr: 0.000014, total_loss: 0.0021 clip_loss: 0.0021  (0.0014)
Epoch: 118, global_step: 48900, lr: 0.000013, total_loss: 0.0128 clip_loss: 0.0128  (0.0014)
Epoch: 118, global_step: 49000, lr: 0.000013, total_loss: 0.0024 clip_loss: 0.0024  (0.0014)
Epoch: 118, global_step: 49100, lr: 0.000012, total_loss: 0.0012 clip_loss: 0.0012  (0.0014)
Epoch: 118, global_step: 49200, lr: 0.000012, total_loss: 0.0008 clip_loss: 0.0008  (0.0014)
Epoch	118	Loss	0.0013606834133090473
Epoch: 119, global_step: 49300, lr: 0.000011, total_loss: 0.0000 clip_loss: 0.0000  (0.0014)
Epoch: 119, global_step: 49400, lr: 0.000011, total_loss: 0.0026 clip_loss: 0.0026  (0.0014)
Epoch: 119, global_step: 49500, lr: 0.000010, total_loss: 0.0009 clip_loss: 0.0009  (0.0014)
Epoch: 119, global_step: 49600, lr: 0.000010, total_loss: 0.0001 clip_loss: 0.0001  (0.0014)
Epoch	119	Loss	0.0013765103369472484
Epoch: 120, global_step: 49700, lr: 0.000009, total_loss: 0.0001 clip_loss: 0.0001  (0.0014)
Epoch: 120, global_step: 49800, lr: 0.000009, total_loss: 0.0003 clip_loss: 0.0003  (0.0014)
Epoch: 120, global_step: 49900, lr: 0.000008, total_loss: 0.0002 clip_loss: 0.0002  (0.0014)
Epoch: 120, global_step: 50000, lr: 0.000008, total_loss: 0.0003 clip_loss: 0.0003  (0.0014)
Epoch	120	Loss	0.001433316785040688
Epoch: 121, global_step: 50100, lr: 0.000007, total_loss: 0.0001 clip_loss: 0.0001  (0.0014)
Epoch: 121, global_step: 50200, lr: 0.000007, total_loss: 0.0006 clip_loss: 0.0006  (0.0014)
Epoch: 121, global_step: 50300, lr: 0.000006, total_loss: 0.0002 clip_loss: 0.0002  (0.0014)
Epoch: 121, global_step: 50400, lr: 0.000006, total_loss: 0.0004 clip_loss: 0.0004  (0.0014)
Epoch	121	Loss	0.0014026423780040319
Epoch: 122, global_step: 50500, lr: 0.000006, total_loss: 0.0013 clip_loss: 0.0013  (0.0014)
Epoch: 122, global_step: 50600, lr: 0.000005, total_loss: 0.0005 clip_loss: 0.0005  (0.0014)
Epoch: 122, global_step: 50700, lr: 0.000005, total_loss: 0.0010 clip_loss: 0.0010  (0.0014)
Epoch: 122, global_step: 50800, lr: 0.000004, total_loss: 0.0031 clip_loss: 0.0031  (0.0014)
Epoch	122	Loss	0.0013883947180630117
Epoch: 123, global_step: 50900, lr: 0.000004, total_loss: 0.0022 clip_loss: 0.0022  (0.0014)
Epoch: 123, global_step: 51000, lr: 0.000004, total_loss: 0.0016 clip_loss: 0.0016  (0.0014)
Epoch: 123, global_step: 51100, lr: 0.000003, total_loss: 0.0000 clip_loss: 0.0000  (0.0014)
Epoch: 123, global_step: 51200, lr: 0.000003, total_loss: 0.0000 clip_loss: 0.0000  (0.0014)
Epoch	123	Loss	0.0014786638380698206
Epoch: 124, global_step: 51300, lr: 0.000003, total_loss: 0.0000 clip_loss: 0.0000  (0.0015)
Epoch: 124, global_step: 51400, lr: 0.000003, total_loss: 0.0000 clip_loss: 0.0000  (0.0015)
Epoch: 124, global_step: 51500, lr: 0.000002, total_loss: 0.0010 clip_loss: 0.0010  (0.0015)
Epoch: 124, global_step: 51600, lr: 0.000002, total_loss: 0.0013 clip_loss: 0.0013  (0.0015)
Epoch: 124, global_step: 51700, lr: 0.000002, total_loss: 0.0023 clip_loss: 0.0023  (0.0015)
Epoch	124	Loss	0.0015002856809501566
Epoch: 125, global_step: 51800, lr: 0.000002, total_loss: 0.0001 clip_loss: 0.0001  (0.0015)
Epoch: 125, global_step: 51900, lr: 0.000001, total_loss: 0.0006 clip_loss: 0.0006  (0.0015)
Epoch: 125, global_step: 52000, lr: 0.000001, total_loss: 0.0012 clip_loss: 0.0012  (0.0016)
Epoch: 125, global_step: 52100, lr: 0.000001, total_loss: 0.0002 clip_loss: 0.0002  (0.0016)
Epoch	125	Loss	0.001541096378601793
Epoch: 126, global_step: 52200, lr: 0.000001, total_loss: 0.0083 clip_loss: 0.0083  (0.0015)
Epoch: 126, global_step: 52300, lr: 0.000001, total_loss: 0.0000 clip_loss: 0.0000  (0.0015)
Epoch: 126, global_step: 52400, lr: 0.000001, total_loss: 0.0000 clip_loss: 0.0000  (0.0014)
Epoch: 126, global_step: 52500, lr: 0.000001, total_loss: 0.0002 clip_loss: 0.0002  (0.0014)
Epoch	126	Loss	0.0014118133937645325
Epoch: 127, global_step: 52600, lr: 0.000000, total_loss: 0.0001 clip_loss: 0.0001  (0.0014)
Epoch: 127, global_step: 52700, lr: 0.000000, total_loss: 0.0000 clip_loss: 0.0000  (0.0015)
Epoch: 127, global_step: 52800, lr: 0.000000, total_loss: 0.0002 clip_loss: 0.0002  (0.0015)
Epoch: 127, global_step: 52900, lr: 0.000000, total_loss: 0.0000 clip_loss: 0.0000  (0.0015)
Epoch	127	Loss	0.0014603956224048887
Epoch: 128, global_step: 53000, lr: 0.000000, total_loss: 0.0000 clip_loss: 0.0000  (0.0015)
Epoch: 128, global_step: 53100, lr: 0.000000, total_loss: 0.0012 clip_loss: 0.0012  (0.0014)
Epoch: 128, global_step: 53200, lr: 0.000000, total_loss: 0.0027 clip_loss: 0.0027  (0.0014)
Epoch: 128, global_step: 53300, lr: 0.000000, total_loss: 0.0003 clip_loss: 0.0003  (0.0014)
