loss: 0.1079
loss: 0.1147
loss: 0.1015
loss: 0.1038
loss: 0.0992
loss: 0.1061
loss: 0.1054
loss: 0.1008
loss: 0.1038
loss: 0.0864
loss: 0.1148
loss: 0.0968
loss: 0.1078
loss: 0.0976
loss: 0.1184
loss: 0.0963
loss: 0.0954
loss: 0.1150
loss: 0.0987
loss: 0.1102
loss: 0.1028
loss: 0.1069
loss: 0.1033
loss: 0.0995
loss: 0.0966
loss: 0.0924
loss: 0.1016
loss: 0.0933
loss: 0.1030
loss: 0.0936
loss: 0.1006
loss: 0.1183
loss: 0.1031
loss: 0.0899
loss: 0.0947
loss: 0.1031
loss: 0.1102
loss: 0.1062
loss: 0.1100
loss: 0.1052
loss: 0.1030
loss: 0.1075
loss: 0.1070
loss: 0.1003
loss: 0.1020
loss: 0.0979
loss: 0.0934
loss: 0.0816
loss: 0.0874
loss: 0.1133
loss: 0.0972
loss: 0.1055
loss: 0.1102
loss: 0.1081
loss: 0.1163
loss: 0.0973
loss: 0.0913
loss: 0.0815
loss: 0.1039
loss: 0.0873
loss: 0.1119
loss: 0.1011
loss: 0.1017
loss: 0.1039
loss: 0.0937
loss: 0.0938
loss: 0.1123
loss: 0.1012
loss: 0.1229
loss: 0.1117
loss: 0.1107
loss: 0.1089
loss: 0.0918
loss: 0.1186
loss: 0.0951
loss: 0.1039
loss: 0.1074
loss: 0.1038
loss: 0.0912
loss: 0.1136
loss: 0.0945
loss: 0.0994
loss: 0.0993
loss: 0.1071
loss: 0.0988
loss: 0.1078
loss: 0.1008
loss: 0.1116
loss: 0.0995
loss: 0.1027
loss: 0.1050
loss: 0.0980
loss: 0.0994
loss: 0.0959
loss: 0.0942
loss: 0.1122
loss: 0.1045
loss: 0.0992
loss: 0.0961
loss: 0.0939
loss: 0.1061
loss: 0.1069
loss: 0.0867
loss: 0.0846
loss: 0.0952
loss: 0.1132
loss: 0.1051
loss: 0.0999
loss: 0.1016
loss: 0.0910
loss: 0.1083
loss: 0.1165
loss: 0.1082
loss: 0.0823
loss: 0.1120
loss: 0.0899
loss: 0.0930
loss: 0.0973
loss: 0.1095
loss: 0.0899
loss: 0.1010
loss: 0.1006
loss: 0.0959
loss: 0.0968
loss: 0.1067
loss: 0.0991
loss: 0.0956
loss: 0.0997
loss: 0.1106
loss: 0.1035
loss: 0.1021
loss: 0.1132
loss: 0.1064
loss: 0.1065
loss: 0.0972
loss: 0.0971
loss: 0.0863
loss: 0.1038
loss: 0.0886
loss: 0.0900
loss: 0.1296
loss: 0.0987
loss: 0.1038
loss: 0.0912
loss: 0.0973
loss: 0.0912
loss: 0.1084
loss: 0.1041
loss: 0.1030
loss: 0.0921
loss: 0.1061
loss: 0.1050
loss: 0.1044
loss: 0.1138
loss: 0.1025
loss: 0.1142
loss: 0.1032
loss: 0.1099
loss: 0.1178
loss: 0.0970
loss: 0.0827
loss: 0.0942
loss: 0.1025
loss: 0.1108
loss: 0.1109
loss: 0.1074
loss: 0.0910
loss: 0.1181
loss: 0.1227
loss: 0.1055
loss: 0.1039
loss: 0.1167
loss: 0.1010
loss: 0.1013
loss: 0.1112
loss: 0.1086
loss: 0.0996
loss: 0.1035
loss: 0.1021
loss: 0.1003
loss: 0.0985
loss: 0.1063
loss: 0.1062
loss: 0.1076
loss: 0.0939
loss: 0.1164
loss: 0.1035
loss: 0.0935
loss: 0.1195
loss: 0.0973
loss: 0.1045
loss: 0.1035
loss: 0.1083
loss: 0.0851
loss: 0.1005
loss: 0.0960
loss: 0.0930
loss: 0.1033
loss: 0.1178
loss: 0.1120
loss: 0.1008
loss: 0.1103
loss: 0.1043
loss: 0.0892
loss: 0.1129
loss: 0.0956
loss: 0.1029
loss: 0.0989
loss: 0.0938
loss: 0.0969
loss: 0.1066
loss: 0.0983
loss: 0.1040
loss: 0.0865
loss: 0.0854
loss: 0.1066
loss: 0.1075
loss: 0.0947
loss: 0.1161
loss: 0.0985
loss: 0.0989
loss: 0.1032
loss: 0.0969
loss: 0.0977
loss: 0.0871
loss: 0.1041
loss: 0.0941
loss: 0.1096
loss: 0.1043
loss: 0.1118
loss: 0.1056
loss: 0.0976
loss: 0.0989
loss: 0.1082
loss: 0.0972
loss: 0.1073
loss: 0.0959
loss: 0.0999
loss: 0.0903
loss: 0.1095
loss: 0.1081
loss: 0.0931
loss: 0.1082
loss: 0.0918
loss: 0.1112
loss: 0.0954
loss: 0.0952
loss: 0.1088
loss: 0.1213
loss: 0.1103
loss: 0.0991
loss: 0.1051
loss: 0.0986
loss: 0.1080
loss: 0.1054
loss: 0.0986
loss: 0.1233
loss: 0.0988
loss: 0.1167
loss: 0.1176
loss: 0.0981
loss: 0.1035
loss: 0.1078
loss: 0.0971
loss: 0.1096
loss: 0.1179
loss: 0.1083
loss: 0.1095
loss: 0.0996
loss: 0.1047
loss: 0.1127
loss: 0.1027
loss: 0.1120
loss: 0.1040
loss: 0.1072
loss: 0.1075
loss: 0.1051
loss: 0.0915
loss: 0.0942
loss: 0.1017
loss: 0.1100
loss: 0.0977
loss: 0.0994
loss: 0.1051
loss: 0.0952
loss: 0.1004
loss: 0.0932
loss: 0.1002
loss: 0.1095
loss: 0.0957
loss: 0.1039
loss: 0.1028
loss: 0.0968
loss: 0.1166
loss: 0.1034
loss: 0.1121
loss: 0.0929
loss: 0.1157
loss: 0.1055
loss: 0.1050
loss: 0.0987
loss: 0.1029
loss: 0.1148
loss: 0.0981
loss: 0.1014
loss: 0.1102
loss: 0.1023
loss: 0.1070
loss: 0.0912
loss: 0.1101
loss: 0.1028
loss: 0.1147
loss: 0.0988
loss: 0.1012
loss: 0.0909
loss: 0.1076
loss: 0.1062
loss: 0.1095
loss: 0.0984
loss: 0.1121
loss: 0.1257
loss: 0.1142
loss: 0.0940
loss: 0.1005
loss: 0.1111
loss: 0.0977
loss: 0.0925
loss: 0.0985
loss: 0.1178
loss: 0.0966
loss: 0.1048
loss: 0.0924
loss: 0.1080
loss: 0.1048
loss: 0.1033
loss: 0.0999
loss: 0.0945
loss: 0.1149
loss: 0.1201
loss: 0.1033
loss: 0.0931
loss: 0.0983
loss: 0.1031
loss: 0.1066
loss: 0.0918
loss: 0.0905
loss: 0.0933
loss: 0.1152
loss: 0.1011
loss: 0.0989
loss: 0.1033
loss: 0.1093
loss: 0.1138
loss: 0.1086
loss: 0.1113
loss: 0.0914
loss: 0.1141
loss: 0.0929
loss: 0.0971
loss: 0.0987
loss: 0.0905
loss: 0.0981
loss: 0.0946
loss: 0.0918
loss: 0.0938
loss: 0.1231
loss: 0.1065
loss: 0.1044
loss: 0.1016
loss: 0.1161
loss: 0.0998
loss: 0.1091
loss: 0.1157
loss: 0.0898
loss: 0.1082
loss: 0.1069
loss: 0.0923
loss: 0.1042
loss: 0.0872
loss: 0.1076
loss: 0.1055
loss: 0.1154
loss: 0.0954
loss: 0.0760
loss: 0.1079
loss: 0.1032
loss: 0.1045
loss: 0.0864
loss: 0.0880
loss: 0.1085
loss: 0.0837
loss: 0.1042
loss: 0.0947
loss: 0.0962
loss: 0.0963
loss: 0.0922
loss: 0.1086
loss: 0.1166
loss: 0.1092
loss: 0.0939
loss: 0.1107
loss: 0.1050
loss: 0.0983
loss: 0.1059
loss: 0.1014
loss: 0.1072
loss: 0.1153
loss: 0.1060
loss: 0.0970
loss: 0.0998
loss: 0.1110
loss: 0.1150
loss: 0.1035
loss: 0.1070
loss: 0.1069
loss: 0.1104
loss: 0.1048
loss: 0.0990
loss: 0.0979
loss: 0.1230
loss: 0.1099
loss: 0.0988
loss: 0.0988
loss: 0.1078
loss: 0.1068
loss: 0.1087
loss: 0.0858
loss: 0.0981
loss: 0.1048
loss: 0.1019
loss: 0.1004
loss: 0.1051
loss: 0.1068
loss: 0.1251
loss: 0.0930
loss: 0.1064
loss: 0.1002
loss: 0.0987
loss: 0.0927
loss: 0.0992
loss: 0.1068
loss: 0.1061
loss: 0.1025
loss: 0.1200
loss: 0.1126
loss: 0.0922
loss: 0.1085
loss: 0.0996
loss: 0.1020
loss: 0.0969
loss: 0.0941
loss: 0.0891
loss: 0.1110
loss: 0.1013
loss: 0.0999
loss: 0.0956
loss: 0.1050
loss: 0.0989
loss: 0.1029
loss: 0.1088
loss: 0.0935
loss: 0.0841
loss: 0.0961
loss: 0.1012
loss: 0.1006
loss: 0.0917
loss: 0.1123
loss: 0.0963
loss: 0.1114
loss: 0.0881
loss: 0.1049
loss: 0.1056
loss: 0.1206
loss: 0.1113
loss: 0.1074
loss: 0.1010
loss: 0.0888
loss: 0.1027
loss: 0.1024
loss: 0.1116
loss: 0.1025
loss: 0.1039
loss: 0.1034
loss: 0.1129
loss: 0.0975
loss: 0.0986
loss: 0.0995
loss: 0.0999
loss: 0.1102
loss: 0.1076
loss: 0.1000
loss: 0.1110
loss: 0.0951
loss: 0.0974
loss: 0.0886
loss: 0.0929
loss: 0.1015
loss: 0.1109
loss: 0.0950
loss: 0.0913
loss: 0.0870
loss: 0.0967
loss: 0.0968
loss: 0.1016
loss: 0.0928
loss: 0.1121
loss: 0.1116
loss: 0.1041
loss: 0.1034
loss: 0.0971
loss: 0.1211
loss: 0.1029
loss: 0.1137
loss: 0.1051
loss: 0.1080
loss: 0.1241
loss: 0.1032
loss: 0.1062
loss: 0.1103
loss: 0.0969
loss: 0.1124
loss: 0.0996
loss: 0.1017
loss: 0.0874
loss: 0.1005
loss: 0.0980
loss: 0.0937
loss: 0.0941
loss: 0.1110
loss: 0.1035
loss: 0.0996
loss: 0.1064
loss: 0.1121
loss: 0.1092
loss: 0.1125
loss: 0.0892
loss: 0.0884
loss: 0.0958
loss: 0.0960
loss: 0.0998
loss: 0.1119
loss: 0.0888
loss: 0.0955
loss: 0.1121
loss: 0.1106
loss: 0.0932
loss: 0.1016
loss: 0.1030
loss: 0.1064
loss: 0.1052
loss: 0.1047
loss: 0.0997
loss: 0.1113
loss: 0.0962
loss: 0.1010
loss: 0.0983
loss: 0.0976
loss: 0.1039
loss: 0.1321
loss: 0.1053
loss: 0.0934
loss: 0.1073
loss: 0.0934
loss: 0.1051
loss: 0.1158
loss: 0.0934
loss: 0.1032
loss: 0.1046
loss: 0.0910
loss: 0.0981
loss: 0.1026
loss: 0.0986
loss: 0.1147
loss: 0.0911
loss: 0.1081
loss: 0.1010
loss: 0.0951
loss: 0.1054
loss: 0.0970
loss: 0.0905
loss: 0.0980
loss: 0.0919
loss: 0.1045
loss: 0.0821
loss: 0.0818
loss: 0.1043
loss: 0.1004
loss: 0.1015
loss: 0.0900
loss: 0.1093
loss: 0.1116
loss: 0.0997
loss: 0.1113
loss: 0.0955
loss: 0.1303
loss: 0.1024
loss: 0.0974
loss: 0.0989
loss: 0.1116
loss: 0.1141
loss: 0.1067
loss: 0.1019
loss: 0.0894
loss: 0.0960
loss: 0.1080
loss: 0.1052
loss: 0.1031
loss: 0.1034
loss: 0.1054
loss: 0.0920
loss: 0.1043
loss: 0.1234
loss: 0.1028
loss: 0.1054
loss: 0.0982
loss: 0.1013
loss: 0.0887
loss: 0.1028
loss: 0.0959
loss: 0.1048
loss: 0.0947
loss: 0.0879
loss: 0.1008
loss: 0.0970
loss: 0.1042
loss: 0.0936
loss: 0.0981
loss: 0.0913
loss: 0.0945
loss: 0.0950
loss: 0.1017
loss: 0.1078
loss: 0.0922
loss: 0.0984
loss: 0.1118
loss: 0.1133
loss: 0.1102
loss: 0.0885
loss: 0.1100
loss: 0.1070
loss: 0.1005
loss: 0.1095
loss: 0.1144
loss: 0.0935
loss: 0.0916
loss: 0.1080
loss: 0.1029
loss: 0.1179
loss: 0.1062
loss: 0.1091
loss: 0.0949
loss: 0.1043
loss: 0.1120
loss: 0.1129
loss: 0.0931
loss: 0.1004
loss: 0.0997
loss: 0.1041
loss: 0.1099
loss: 0.1005
loss: 0.1145
loss: 0.1016
loss: 0.1062
loss: 0.1037
loss: 0.1064
loss: 0.0867
loss: 0.1154
loss: 0.1021
loss: 0.0854
loss: 0.1000
loss: 0.0969
loss: 0.0967
loss: 0.1092
loss: 0.1177
loss: 0.1154
loss: 0.1153
loss: 0.0949
loss: 0.1092
loss: 0.0954
loss: 0.1053
loss: 0.1083
loss: 0.1002
loss: 0.1163
loss: 0.1007
loss: 0.1067
loss: 0.0881
loss: 0.0990
loss: 0.0964
loss: 0.1020
loss: 0.1097
loss: 0.1239
loss: 0.1052
loss: 0.0912
loss: 0.1027
loss: 0.1041
loss: 0.0939
loss: 0.1070
loss: 0.1029
loss: 0.0918
loss: 0.0934
loss: 0.1179
loss: 0.0865
loss: 0.1018
loss: 0.1146
loss: 0.0980
loss: 0.1090
loss: 0.1033
loss: 0.1067
loss: 0.1089
loss: 0.1147
loss: 0.0993
loss: 0.1068
loss: 0.1014
loss: 0.0917
loss: 0.1002
loss: 0.1054
loss: 0.1064
loss: 0.1055
loss: 0.1081
loss: 0.0970
loss: 0.1044
loss: 0.1107
loss: 0.1072
loss: 0.1079
loss: 0.0860
loss: 0.0908
loss: 0.0967
loss: 0.1145
loss: 0.0875
loss: 0.1143
loss: 0.1004
loss: 0.1113
loss: 0.0875
loss: 0.1077
loss: 0.1064
loss: 0.1089
loss: 0.1027
loss: 0.1033
loss: 0.0962
loss: 0.1068
loss: 0.0848
loss: 0.1049
loss: 0.1050
loss: 0.1017
loss: 0.1264
loss: 0.0990
loss: 0.1057
loss: 0.0982
loss: 0.1070
loss: 0.1062
loss: 0.0933
loss: 0.1098
loss: 0.0923
loss: 0.1064
loss: 0.0964
loss: 0.0992
loss: 0.1072
loss: 0.1117
loss: 0.0892
loss: 0.0951
loss: 0.1116
loss: 0.0984
loss: 0.0932
loss: 0.0915
loss: 0.0985
loss: 0.0916
loss: 0.1026
loss: 0.1028
loss: 0.0977
loss: 0.1018
loss: 0.1114
loss: 0.1073
loss: 0.1117
loss: 0.1006
loss: 0.1066
loss: 0.1070
loss: 0.1105
loss: 0.1022
loss: 0.1069
loss: 0.1094
loss: 0.1048
loss: 0.0978
loss: 0.1003
loss: 0.1051
loss: 0.1070
loss: 0.1127
loss: 0.1081
loss: 0.1152
loss: 0.1084
loss: 0.1235
loss: 0.1075
loss: 0.1033
loss: 0.0958
loss: 0.0933
loss: 0.1166
loss: 0.0885
loss: 0.0840
loss: 0.1025
loss: 0.1088
loss: 0.1111
loss: 0.1218
loss: 0.1036
loss: 0.1113
loss: 0.1024
loss: 0.1138
loss: 0.0945
loss: 0.1114
loss: 0.0937
loss: 0.1040
loss: 0.0971
loss: 0.1140
loss: 0.1012
loss: 0.1047
loss: 0.0909
loss: 0.0937
loss: 0.0882
loss: 0.0889
loss: 0.0886
loss: 0.1053
loss: 0.0991
loss: 0.1087
loss: 0.1046
loss: 0.1031
loss: 0.1142
loss: 0.1151
loss: 0.1054
loss: 0.1146
loss: 0.1040
loss: 0.0963
loss: 0.1007
loss: 0.1049
loss: 0.1036
loss: 0.0962
loss: 0.1064
loss: 0.1081
loss: 0.0936
loss: 0.1141
loss: 0.0899
loss: 0.1007
loss: 0.0944
loss: 0.0998
loss: 0.1004
loss: 0.1152
loss: 0.0965
loss: 0.0984
loss: 0.1178
loss: 0.0940
loss: 0.1016
loss: 0.0832
loss: 0.1106
loss: 0.1144
loss: 0.0895
loss: 0.1002
loss: 0.1018
loss: 0.1105
loss: 0.1002
loss: 0.1144
loss: 0.1154
loss: 0.1085
loss: 0.1009
loss: 0.0909
loss: 0.1039
loss: 0.0878
loss: 0.1016
loss: 0.1210
loss: 0.1042
loss: 0.0952
loss: 0.1071
loss: 0.1105
loss: 0.0989
loss: 0.0858
loss: 0.1109
loss: 0.0888
loss: 0.0981
loss: 0.1082
loss: 0.1015
loss: 0.0977
loss: 0.0896
loss: 0.0968
loss: 0.1042
loss: 0.1175
loss: 0.1057
loss: 0.0982
loss: 0.1218
loss: 0.0919
loss: 0.1016
loss: 0.0906
loss: 0.0915
loss: 0.1001
loss: 0.0982
loss: 0.1083
loss: 0.0872
loss: 0.1042
loss: 0.0878
loss: 0.1086
loss: 0.0995
loss: 0.0999
loss: 0.0966
loss: 0.0869
loss: 0.1162
loss: 0.0950
loss: 0.0957
loss: 0.1086
loss: 0.1057
loss: 0.1033
loss: 0.1107
loss: 0.0908
loss: 0.1151
loss: 0.0944
loss: 0.0987
loss: 0.1009
loss: 0.1044
loss: 0.0946
loss: 0.1040
loss: 0.1081
loss: 0.1057
loss: 0.0991
loss: 0.0926
loss: 0.0927
loss: 0.1118
loss: 0.0975
loss: 0.1017
loss: 0.0908
loss: 0.0908
loss: 0.1122
loss: 0.1015
loss: 0.1098
loss: 0.1045
loss: 0.1127
loss: 0.1103
loss: 0.1084
loss: 0.0836
loss: 0.1020
loss: 0.0907
loss: 0.1062
loss: 0.0992
loss: 0.0917
loss: 0.1052
loss: 0.0950
loss: 0.1005
loss: 0.1159
loss: 0.1067
loss: 0.1115
loss: 0.0968
loss: 0.1079
loss: 0.1148
loss: 0.1014
loss: 0.1038
loss: 0.0992
loss: 0.1060
loss: 0.1055
loss: 0.1009
loss: 0.1039
loss: 0.0865
loss: 0.1148
loss: 0.0968
loss: 0.1079
loss: 0.0975
loss: 0.1184
loss: 0.0962
loss: 0.0954
loss: 0.1150
loss: 0.0987
loss: 0.1102
loss: 0.1028
loss: 0.1067
loss: 0.1033
loss: 0.0995
loss: 0.0966
loss: 0.0925
loss: 0.1014
loss: 0.0935
loss: 0.1029
loss: 0.0936
loss: 0.1008
loss: 0.1183
loss: 0.1031
loss: 0.0901
loss: 0.0947
loss: 0.1031
loss: 0.1102
loss: 0.1062
loss: 0.1099
loss: 0.1052
loss: 0.1031
loss: 0.1074
loss: 0.1071
loss: 0.1003
loss: 0.1020
loss: 0.0981
loss: 0.0936
loss: 0.0817
loss: 0.0874
loss: 0.1133
loss: 0.0972
loss: 0.1055
loss: 0.1102
loss: 0.1081
loss: 0.1163
loss: 0.0972
loss: 0.0912
loss: 0.0814
loss: 0.1040
loss: 0.0873
loss: 0.1119
loss: 0.1011
loss: 0.1018
loss: 0.1039
loss: 0.0939
loss: 0.0939
loss: 0.1122
loss: 0.1010
loss: 0.1228
loss: 0.1117
loss: 0.1107
loss: 0.1089
loss: 0.0919
loss: 0.1188
loss: 0.0951
loss: 0.1039
loss: 0.1074
loss: 0.1038
loss: 0.0912
loss: 0.1135
loss: 0.0947
loss: 0.0992
loss: 0.0994
loss: 0.1070
loss: 0.0988
loss: 0.1078
loss: 0.1007
loss: 0.1115
loss: 0.0994
loss: 0.1026
loss: 0.1050
loss: 0.0979
loss: 0.0993
loss: 0.0959
loss: 0.0943
loss: 0.1122
loss: 0.1044
loss: 0.0992
loss: 0.0959
loss: 0.0939
loss: 0.1062
loss: 0.1069
loss: 0.0869
loss: 0.0846
loss: 0.0952
loss: 0.1131
loss: 0.1050
loss: 0.1000
loss: 0.1016
loss: 0.0911
loss: 0.1083
loss: 0.1166
loss: 0.1082
loss: 0.0822
loss: 0.1120
loss: 0.0899
loss: 0.0931
loss: 0.0972
loss: 0.1094
loss: 0.0897
loss: 0.1009
loss: 0.1006
loss: 0.0959
loss: 0.0969
loss: 0.1067
loss: 0.0992
loss: 0.0956
loss: 0.0998
loss: 0.1107
loss: 0.1034
loss: 0.1021
loss: 0.1130
loss: 0.1063
loss: 0.1064
loss: 0.0973
loss: 0.0971
loss: 0.0863
loss: 0.1038
loss: 0.0887
loss: 0.0901
loss: 0.1296
loss: 0.0986
loss: 0.1038
loss: 0.0911
loss: 0.0973
loss: 0.0912
loss: 0.1084
loss: 0.1041
loss: 0.1030
loss: 0.0920
loss: 0.1060
loss: 0.1051
loss: 0.1044
loss: 0.1138
loss: 0.1025
loss: 0.1142
loss: 0.1033
loss: 0.1099
loss: 0.1178
loss: 0.0972
loss: 0.0827
loss: 0.0941
loss: 0.1025
loss: 0.1108
loss: 0.1110
loss: 0.1075
loss: 0.0911
loss: 0.1181
loss: 0.1228
loss: 0.1055
loss: 0.1040
loss: 0.1168
loss: 0.1010
loss: 0.1014
loss: 0.1113
loss: 0.1086
loss: 0.0997
loss: 0.1034
loss: 0.1020
loss: 0.1002
loss: 0.0984
loss: 0.1064
loss: 0.1061
loss: 0.1077
loss: 0.0940
loss: 0.1164
loss: 0.1035
loss: 0.0936
loss: 0.1196
loss: 0.0973
loss: 0.1044
loss: 0.1035
loss: 0.1083
loss: 0.0851
loss: 0.1004
loss: 0.0960
loss: 0.0930
loss: 0.1033
loss: 0.1176
loss: 0.1121
loss: 0.1008
loss: 0.1104
loss: 0.1042
loss: 0.0891
loss: 0.1128
loss: 0.0955
loss: 0.1029
loss: 0.0989
loss: 0.0939
loss: 0.0970
loss: 0.1067
loss: 0.0984
loss: 0.1039
loss: 0.0866
loss: 0.0854
loss: 0.1065
loss: 0.1075
loss: 0.0945
loss: 0.1161
loss: 0.0988
loss: 0.0987
loss: 0.1033
loss: 0.0968
loss: 0.0978
loss: 0.0872
loss: 0.1042
loss: 0.0941
loss: 0.1097
loss: 0.1043
loss: 0.1119
loss: 0.1055
loss: 0.0976
loss: 0.0988
loss: 0.1081
loss: 0.0971
loss: 0.1073
loss: 0.0958
loss: 0.1000
loss: 0.0903
loss: 0.1095
loss: 0.1081
loss: 0.0932
loss: 0.1082
loss: 0.0917
loss: 0.1113
loss: 0.0955
loss: 0.0953
loss: 0.1089
loss: 0.1213
loss: 0.1103
loss: 0.0991
loss: 0.1051
loss: 0.0986
loss: 0.1079
loss: 0.1053
loss: 0.0984
loss: 0.1233
loss: 0.0990
loss: 0.1166
loss: 0.1176
loss: 0.0982
loss: 0.1035
loss: 0.1078
loss: 0.0971
loss: 0.1096
loss: 0.1180
loss: 0.1084
loss: 0.1095
loss: 0.0996
loss: 0.1047
loss: 0.1127
loss: 0.1027
loss: 0.1121
loss: 0.1040
loss: 0.1071
loss: 0.1074
loss: 0.1050
loss: 0.0916
loss: 0.0943
loss: 0.1016
loss: 0.1099
loss: 0.0976
loss: 0.0994
loss: 0.1049
loss: 0.0952
loss: 0.1003
loss: 0.0932
loss: 0.1002
loss: 0.1095
loss: 0.0956
loss: 0.1039
loss: 0.1027
loss: 0.0969
loss: 0.1166
loss: 0.1035
loss: 0.1121
loss: 0.0929
loss: 0.1157
loss: 0.1055
loss: 0.1051
loss: 0.0988
loss: 0.1027
loss: 0.1148
loss: 0.0981
loss: 0.1016
loss: 0.1104
loss: 0.1024
loss: 0.1070
loss: 0.0912
loss: 0.1100
loss: 0.1029
loss: 0.1148
loss: 0.0986
loss: 0.1012
loss: 0.0910
loss: 0.1076
loss: 0.1063
loss: 0.1095
loss: 0.0985
loss: 0.1123
loss: 0.1258
loss: 0.1141
loss: 0.0941
loss: 0.1004
loss: 0.1113
loss: 0.0977
loss: 0.0924
loss: 0.0986
loss: 0.1179
loss: 0.0965
loss: 0.1047
loss: 0.0923
loss: 0.1080
loss: 0.1050
loss: 0.1034
loss: 0.0998
loss: 0.0945
loss: 0.1150
loss: 0.1202
loss: 0.1033
loss: 0.0930
loss: 0.0983
loss: 0.1028
loss: 0.1067
loss: 0.0921
loss: 0.0905
loss: 0.0931
loss: 0.1152
loss: 0.1011
loss: 0.0988
loss: 0.1033
loss: 0.1093
loss: 0.1138
loss: 0.1086
loss: 0.1111
loss: 0.0914
loss: 0.1141
loss: 0.0930
loss: 0.0971
loss: 0.0987
loss: 0.0905
loss: 0.0979
loss: 0.0946
loss: 0.0917
loss: 0.0938
loss: 0.1231
loss: 0.1064
loss: 0.1045
loss: 0.1016
loss: 0.1160
loss: 0.0998
loss: 0.1092
loss: 0.1157
loss: 0.0898
loss: 0.1084
loss: 0.1069
loss: 0.0924
loss: 0.1042
loss: 0.0872
loss: 0.1075
loss: 0.1057
loss: 0.1153
loss: 0.0954
loss: 0.0759
loss: 0.1080
loss: 0.1032
loss: 0.1046
loss: 0.0864
loss: 0.0880
loss: 0.1086
loss: 0.0838
loss: 0.1043
loss: 0.0948
loss: 0.0962
loss: 0.0963
loss: 0.0920
loss: 0.1085
loss: 0.1166
loss: 0.1091
loss: 0.0939
loss: 0.1108
loss: 0.1050
loss: 0.0984
loss: 0.1060
loss: 0.1015
loss: 0.1071
loss: 0.1152
loss: 0.1060
loss: 0.0971
loss: 0.0997
loss: 0.1111
loss: 0.1149
loss: 0.1036
loss: 0.1071
loss: 0.1068
loss: 0.1104
loss: 0.1048
loss: 0.0990
loss: 0.0979
loss: 0.1230
loss: 0.1099
loss: 0.0988
loss: 0.0989
loss: 0.1078
loss: 0.1068
loss: 0.1086
loss: 0.0857
loss: 0.0981
loss: 0.1048
loss: 0.1018
loss: 0.1005
loss: 0.1053
loss: 0.1068
loss: 0.1251
loss: 0.0931
loss: 0.1065
loss: 0.1000
loss: 0.0988
loss: 0.0927
loss: 0.0994
loss: 0.1068
loss: 0.1062
loss: 0.1026
loss: 0.1199
loss: 0.1127
loss: 0.0922
loss: 0.1085
loss: 0.0996
loss: 0.1020
loss: 0.0969
loss: 0.0941
loss: 0.0891
loss: 0.1110
loss: 0.1014
loss: 0.1000
loss: 0.0957
loss: 0.1049
loss: 0.0989
loss: 0.1029
loss: 0.1089
loss: 0.0934
loss: 0.0841
loss: 0.0960
loss: 0.1012
loss: 0.1007
loss: 0.0917
loss: 0.1123
loss: 0.0963
loss: 0.1113
loss: 0.0878
loss: 0.1048
loss: 0.1058
loss: 0.1207
loss: 0.1112
loss: 0.1075
loss: 0.1010
loss: 0.0888
loss: 0.1027
loss: 0.1025
loss: 0.1118
loss: 0.1025
loss: 0.1038
loss: 0.1034
loss: 0.1128
loss: 0.0975
loss: 0.0985
loss: 0.0995
loss: 0.0998
loss: 0.1101
loss: 0.1076
loss: 0.0999
loss: 0.1111
loss: 0.0951
loss: 0.0976
loss: 0.0886
loss: 0.0930
loss: 0.1017
loss: 0.1109
loss: 0.0951
loss: 0.0913
loss: 0.0869
loss: 0.0968
loss: 0.0968
loss: 0.1018
loss: 0.0928
loss: 0.1122
loss: 0.1116
loss: 0.1040
loss: 0.1034
loss: 0.0971
loss: 0.1212
loss: 0.1029
loss: 0.1137
loss: 0.1050
loss: 0.1080
loss: 0.1241
loss: 0.1032
loss: 0.1061
loss: 0.1101
loss: 0.0970
loss: 0.1123
loss: 0.0996
loss: 0.1016
loss: 0.0873
loss: 0.1005
loss: 0.0981
loss: 0.0936
loss: 0.0942
loss: 0.1109
loss: 0.1037
loss: 0.0995
loss: 0.1064
loss: 0.1121
loss: 0.1093
loss: 0.1124
loss: 0.0891
loss: 0.0884
loss: 0.0957
loss: 0.0959
loss: 0.0998
loss: 0.1118
loss: 0.0887
loss: 0.0955
loss: 0.1121
loss: 0.1106
loss: 0.0934
loss: 0.1016
loss: 0.1030
loss: 0.1064
loss: 0.1053
loss: 0.1047
loss: 0.0997
loss: 0.1113
loss: 0.0962
loss: 0.1009
loss: 0.0983
loss: 0.0975
loss: 0.1038
loss: 0.1321
loss: 0.1053
loss: 0.0935
loss: 0.1073
loss: 0.0935
loss: 0.1051
loss: 0.1158
loss: 0.0934
loss: 0.1032
loss: 0.1047
loss: 0.0909
loss: 0.0982
loss: 0.1025
loss: 0.0986
loss: 0.1147
loss: 0.0912
loss: 0.1081
loss: 0.1011
loss: 0.0951
loss: 0.1053
loss: 0.0969
loss: 0.0905
loss: 0.0980
loss: 0.0919
loss: 0.1045
loss: 0.0819
loss: 0.0818
loss: 0.1043
loss: 0.1004
loss: 0.1017
loss: 0.0900
loss: 0.1093
loss: 0.1118
loss: 0.0996
loss: 0.1112
loss: 0.0955
loss: 0.1303
loss: 0.1026
loss: 0.0976
loss: 0.0990
loss: 0.1115
loss: 0.1141
loss: 0.1067
loss: 0.1020
loss: 0.0892
loss: 0.0960
loss: 0.1079
loss: 0.1054
loss: 0.1032
loss: 0.1033
loss: 0.1055
loss: 0.0921
loss: 0.1043
loss: 0.1234
loss: 0.1027
loss: 0.1054
loss: 0.0982
loss: 0.1015
loss: 0.0887
loss: 0.1027
loss: 0.0958
loss: 0.1047
loss: 0.0949
loss: 0.0881
loss: 0.1008
loss: 0.0971
loss: 0.1041
loss: 0.0936
loss: 0.0981
loss: 0.0913
loss: 0.0945
loss: 0.0949
loss: 0.1017
loss: 0.1079
loss: 0.0922
loss: 0.0984
loss: 0.1118
loss: 0.1134
loss: 0.1102
loss: 0.0884
loss: 0.1101
loss: 0.1071
loss: 0.1007
loss: 0.1095
loss: 0.1145
loss: 0.0935
loss: 0.0918
loss: 0.1080
loss: 0.1029
loss: 0.1179
loss: 0.1063
loss: 0.1093
loss: 0.0948
loss: 0.1043
loss: 0.1120
loss: 0.1128
loss: 0.0930
loss: 0.1003
loss: 0.0997
loss: 0.1041
loss: 0.1100
loss: 0.1005
loss: 0.1143
loss: 0.1016
loss: 0.1061
loss: 0.1038
loss: 0.1063
loss: 0.0868
loss: 0.1153
loss: 0.1021
loss: 0.0854
loss: 0.1000
loss: 0.0968
loss: 0.0966
loss: 0.1092
loss: 0.1178
loss: 0.1152
loss: 0.1155
loss: 0.0950
loss: 0.1093
loss: 0.0954
loss: 0.1054
loss: 0.1084
loss: 0.1002
loss: 0.1162
loss: 0.1006
loss: 0.1067
loss: 0.0881
loss: 0.0990
loss: 0.0965
loss: 0.1021
loss: 0.1096
loss: 0.1240
loss: 0.1052
loss: 0.0911
loss: 0.1026
loss: 0.1042
loss: 0.0939
loss: 0.1070
loss: 0.1028
loss: 0.0920
loss: 0.0933
loss: 0.1179
loss: 0.0865
loss: 0.1019
loss: 0.1149
loss: 0.0979
loss: 0.1089
loss: 0.1032
loss: 0.1068
loss: 0.1090
loss: 0.1146
loss: 0.0994
loss: 0.1070
loss: 0.1014
loss: 0.0919
loss: 0.1003
loss: 0.1054
loss: 0.1065
loss: 0.1055
loss: 0.1081
loss: 0.0970
loss: 0.1044
loss: 0.1107
loss: 0.1071
loss: 0.1078
loss: 0.0860
loss: 0.0909
loss: 0.0968
loss: 0.1145
loss: 0.0875
loss: 0.1144
loss: 0.1004
loss: 0.1114
loss: 0.0874
loss: 0.1077
loss: 0.1063
loss: 0.1088
loss: 0.1028
loss: 0.1034
loss: 0.0961
loss: 0.1068
loss: 0.0849
loss: 0.1050
loss: 0.1049
loss: 0.1016
loss: 0.1263
loss: 0.0991
loss: 0.1056
loss: 0.0982
loss: 0.1069
loss: 0.1062
loss: 0.0932
loss: 0.1099
loss: 0.0922
loss: 0.1065
loss: 0.0964
loss: 0.0991
loss: 0.1074
loss: 0.1119
loss: 0.0891
loss: 0.0951
loss: 0.1117
loss: 0.0984
loss: 0.0932
loss: 0.0914
loss: 0.0984
loss: 0.0915
loss: 0.1027
loss: 0.1028
loss: 0.0976
loss: 0.1020
loss: 0.1113
loss: 0.1075
loss: 0.1117
loss: 0.1005
loss: 0.1066
loss: 0.1072
loss: 0.1105
loss: 0.1021
loss: 0.1071
loss: 0.1094
loss: 0.1049
loss: 0.0980
loss: 0.1003
loss: 0.1052
loss: 0.1070
loss: 0.1126
loss: 0.1081
loss: 0.1152
loss: 0.1083
loss: 0.1234
loss: 0.1075
loss: 0.1034
loss: 0.0958
loss: 0.0934
loss: 0.1166
loss: 0.0886
loss: 0.0839
loss: 0.1025
loss: 0.1089
loss: 0.1111
loss: 0.1220
loss: 0.1037
loss: 0.1114
loss: 0.1024
loss: 0.1139
loss: 0.0945
loss: 0.1114
loss: 0.0937
loss: 0.1040
loss: 0.0972
loss: 0.1139
loss: 0.1012
loss: 0.1048
loss: 0.0909
loss: 0.0937
loss: 0.0881
loss: 0.0890
loss: 0.0886
loss: 0.1053
loss: 0.0991
loss: 0.1088
loss: 0.1046
loss: 0.1032
loss: 0.1144
loss: 0.1151
loss: 0.1055
loss: 0.1146
loss: 0.1041
loss: 0.0963
loss: 0.1007
loss: 0.1048
loss: 0.1036
loss: 0.0963
loss: 0.1063
loss: 0.1082
loss: 0.0934
loss: 0.1142
loss: 0.0899
loss: 0.1008
loss: 0.0943
loss: 0.0998
loss: 0.1004
loss: 0.1154
loss: 0.0966
loss: 0.0984
loss: 0.1178
loss: 0.0941
loss: 0.1016
loss: 0.0832
loss: 0.1106
loss: 0.1143
loss: 0.0895
loss: 0.1002
loss: 0.1018
loss: 0.1106
loss: 0.1004
loss: 0.1145
loss: 0.1154
loss: 0.1084
loss: 0.1010
loss: 0.0910
loss: 0.1039
loss: 0.0880
loss: 0.1017
loss: 0.1208
loss: 0.1043
loss: 0.0951
loss: 0.1071
loss: 0.1104
loss: 0.0987
loss: 0.0860
loss: 0.1109
loss: 0.0888
loss: 0.0982
loss: 0.1082
loss: 0.1014
loss: 0.0978
loss: 0.0896
loss: 0.0968
loss: 0.1043
loss: 0.1175
loss: 0.1057
loss: 0.0983
loss: 0.1217
loss: 0.0919
loss: 0.1016
loss: 0.0907
loss: 0.0916
loss: 0.1001
loss: 0.0984
loss: 0.1085
loss: 0.0872
loss: 0.1042
loss: 0.0879
loss: 0.1086
loss: 0.0994
loss: 0.0997
loss: 0.0967
loss: 0.0868
loss: 0.1162
loss: 0.0949
loss: 0.0958
loss: 0.1085
loss: 0.1058
loss: 0.1033
loss: 0.1107
loss: 0.0907
loss: 0.1152
loss: 0.0944
loss: 0.0987
loss: 0.1010
loss: 0.1045
loss: 0.0944
loss: 0.1040
loss: 0.1079
loss: 0.1057
loss: 0.0990
loss: 0.0926
loss: 0.0927
loss: 0.1117
loss: 0.0974
loss: 0.1018
loss: 0.0907
loss: 0.0908
loss: 0.1122
loss: 0.1016
loss: 0.1098
loss: 0.1044
loss: 0.1125
loss: 0.1103
loss: 0.1085
loss: 0.0837
loss: 0.1020
loss: 0.0906
loss: 0.1061
loss: 0.0991
loss: 0.0917
loss: 0.1054
loss: 0.0952
loss: 0.1004
loss: 0.1161
loss: 0.1068
loss: 0.1115
loss: 0.0968
loss: 0.1080
loss: 0.1147
loss: 0.1013
loss: 0.1038
loss: 0.0991
loss: 0.1060
loss: 0.1055
loss: 0.1007
loss: 0.1039
loss: 0.0865
loss: 0.1149
loss: 0.0968
loss: 0.1079
loss: 0.0975
loss: 0.1185
loss: 0.0963
loss: 0.0954
loss: 0.1149
loss: 0.0985
loss: 0.1102
loss: 0.1027
loss: 0.1067
loss: 0.1034
loss: 0.0996
loss: 0.0967
loss: 0.0924
loss: 0.1014
loss: 0.0935
loss: 0.1031
loss: 0.0936
loss: 0.1007
loss: 0.1182
loss: 0.1032
loss: 0.0899
loss: 0.0947
loss: 0.1032
loss: 0.1103
loss: 0.1062
loss: 0.1099
loss: 0.1049
loss: 0.1030
loss: 0.1075
loss: 0.1072
loss: 0.1004
loss: 0.1021
loss: 0.0979
loss: 0.0935
loss: 0.0816
loss: 0.0873
loss: 0.1132
loss: 0.0972
loss: 0.1056
loss: 0.1102
loss: 0.1081
loss: 0.1164
loss: 0.0973
loss: 0.0911
loss: 0.0816
loss: 0.1040
loss: 0.0873
loss: 0.1119
loss: 0.1011
loss: 0.1018
loss: 0.1040
loss: 0.0939
loss: 0.0938
loss: 0.1122
loss: 0.1011
loss: 0.1230
loss: 0.1118
loss: 0.1106
loss: 0.1089
loss: 0.0918
loss: 0.1187
loss: 0.0951
loss: 0.1039
loss: 0.1074
loss: 0.1039
loss: 0.0913
loss: 0.1136
loss: 0.0946
loss: 0.0993
loss: 0.0993
loss: 0.1072
loss: 0.0988
loss: 0.1078
loss: 0.1006
loss: 0.1115
loss: 0.0994
loss: 0.1026
loss: 0.1050
loss: 0.0980
loss: 0.0992
loss: 0.0959
loss: 0.0943
loss: 0.1122
loss: 0.1046
loss: 0.0992
loss: 0.0960
loss: 0.0939
loss: 0.1062
loss: 0.1069
loss: 0.0869
loss: 0.0847
loss: 0.0952
loss: 0.1132
loss: 0.1051
loss: 0.1000
loss: 0.1016
loss: 0.0910
loss: 0.1082
loss: 0.1166
loss: 0.1082
loss: 0.0822
loss: 0.1119
loss: 0.0898
loss: 0.0931
loss: 0.0975
loss: 0.1095
loss: 0.0897
loss: 0.1009
loss: 0.1003
loss: 0.0959
loss: 0.0969
loss: 0.1067
loss: 0.0991
loss: 0.0956
loss: 0.0998
loss: 0.1107
loss: 0.1036
loss: 0.1021
loss: 0.1133
loss: 0.1063
loss: 0.1065
loss: 0.0972
loss: 0.0971
loss: 0.0864
loss: 0.1036
loss: 0.0886
loss: 0.0902
loss: 0.1297
loss: 0.0987
loss: 0.1038
loss: 0.0911
loss: 0.0973
loss: 0.0912
loss: 0.1083
loss: 0.1042
loss: 0.1030
loss: 0.0919
loss: 0.1060
loss: 0.1051
loss: 0.1044
loss: 0.1137
loss: 0.1024
loss: 0.1144
loss: 0.1031
loss: 0.1097
loss: 0.1178
loss: 0.0972
loss: 0.0828
loss: 0.0941
loss: 0.1025
loss: 0.1108
loss: 0.1110
loss: 0.1074
loss: 0.0912
loss: 0.1181
loss: 0.1228
loss: 0.1056
loss: 0.1040
loss: 0.1167
loss: 0.1012
loss: 0.1014
loss: 0.1113
loss: 0.1086
loss: 0.0996
loss: 0.1035
loss: 0.1020
loss: 0.1002
loss: 0.0985
loss: 0.1063
loss: 0.1061
loss: 0.1076
loss: 0.0939
loss: 0.1163
loss: 0.1036
loss: 0.0934
loss: 0.1195
loss: 0.0973
loss: 0.1046
loss: 0.1035
loss: 0.1083
loss: 0.0850
loss: 0.1004
loss: 0.0959
loss: 0.0930
loss: 0.1033
loss: 0.1178
loss: 0.1122
loss: 0.1007
loss: 0.1103
loss: 0.1043
loss: 0.0894
loss: 0.1128
loss: 0.0956
loss: 0.1029
loss: 0.0988
loss: 0.0938
loss: 0.0969
loss: 0.1067
loss: 0.0983
loss: 0.1040
loss: 0.0866
loss: 0.0855
loss: 0.1066
loss: 0.1074
loss: 0.0946
loss: 0.1162
loss: 0.0986
loss: 0.0988
loss: 0.1032
loss: 0.0968
loss: 0.0980
loss: 0.0871
loss: 0.1042
loss: 0.0941
loss: 0.1097
loss: 0.1043
loss: 0.1118
loss: 0.1055
loss: 0.0976
loss: 0.0988
loss: 0.1082
loss: 0.0971
loss: 0.1074
loss: 0.0959
loss: 0.1001
loss: 0.0903
loss: 0.1096
loss: 0.1082
loss: 0.0931
loss: 0.1081
loss: 0.0916
loss: 0.1113
loss: 0.0956
loss: 0.0952
loss: 0.1087
loss: 0.1213
loss: 0.1102
loss: 0.0991
loss: 0.1051
loss: 0.0985
loss: 0.1080
loss: 0.1053
loss: 0.0985
loss: 0.1235
loss: 0.0989
loss: 0.1166
loss: 0.1175
loss: 0.0981
loss: 0.1036
loss: 0.1079
loss: 0.0971
loss: 0.1097
loss: 0.1179
loss: 0.1084
loss: 0.1097
loss: 0.0996
loss: 0.1049
loss: 0.1126
loss: 0.1029
loss: 0.1120
loss: 0.1040
loss: 0.1071
loss: 0.1075
loss: 0.1049
loss: 0.0915
loss: 0.0942
loss: 0.1017
loss: 0.1098
loss: 0.0976
loss: 0.0994
loss: 0.1050
loss: 0.0951
loss: 0.1004
loss: 0.0933
loss: 0.1002
loss: 0.1096
loss: 0.0958
loss: 0.1039
loss: 0.1027
loss: 0.0970
loss: 0.1166
loss: 0.1034
loss: 0.1122
loss: 0.0929
loss: 0.1157
loss: 0.1055
loss: 0.1050
loss: 0.0987
loss: 0.1029
loss: 0.1149
loss: 0.0980
loss: 0.1016
loss: 0.1102
loss: 0.1023
loss: 0.1070
loss: 0.0912
loss: 0.1101
loss: 0.1029
loss: 0.1148
loss: 0.0988
loss: 0.1011
loss: 0.0909
loss: 0.1076
loss: 0.1063
loss: 0.1094
loss: 0.0985
loss: 0.1123
loss: 0.1257
loss: 0.1142
loss: 0.0941
loss: 0.1004
loss: 0.1112
loss: 0.0977
loss: 0.0927
loss: 0.0986
loss: 0.1178
loss: 0.0965
loss: 0.1048
loss: 0.0924
loss: 0.1080
loss: 0.1049
loss: 0.1033
loss: 0.0999
loss: 0.0946
loss: 0.1150
loss: 0.1202
loss: 0.1033
loss: 0.0931
loss: 0.0983
loss: 0.1030
loss: 0.1066
loss: 0.0919
loss: 0.0905
loss: 0.0932
loss: 0.1154
loss: 0.1014
loss: 0.0990
loss: 0.1032
loss: 0.1093
loss: 0.1138
loss: 0.1087
loss: 0.1113
loss: 0.0915
loss: 0.1141
loss: 0.0930
loss: 0.0971
loss: 0.0986
loss: 0.0903
loss: 0.0981
loss: 0.0946
loss: 0.0918
loss: 0.0939
loss: 0.1231
loss: 0.1064
loss: 0.1045
loss: 0.1016
loss: 0.1160
loss: 0.0999
loss: 0.1091
loss: 0.1157
loss: 0.0898
loss: 0.1082
loss: 0.1069
loss: 0.0923
loss: 0.1043
loss: 0.0872
loss: 0.1075
loss: 0.1057
loss: 0.1154
loss: 0.0954
loss: 0.0758
loss: 0.1079
loss: 0.1031
loss: 0.1046
loss: 0.0865
loss: 0.0880
loss: 0.1085
loss: 0.0837
loss: 0.1042
loss: 0.0947
loss: 0.0963
loss: 0.0964
loss: 0.0923
loss: 0.1085
loss: 0.1166
loss: 0.1092
loss: 0.0939
loss: 0.1107
loss: 0.1050
loss: 0.0984
loss: 0.1061
loss: 0.1014
loss: 0.1073
loss: 0.1152
loss: 0.1060
loss: 0.0971
loss: 0.0997
loss: 0.1110
loss: 0.1149
loss: 0.1037
loss: 0.1071
loss: 0.1068
loss: 0.1103
loss: 0.1047
loss: 0.0989
loss: 0.0979
loss: 0.1230
loss: 0.1100
loss: 0.0988
loss: 0.0988
loss: 0.1078
loss: 0.1068
loss: 0.1086
loss: 0.0857
loss: 0.0980
loss: 0.1049
loss: 0.1019
loss: 0.1005
loss: 0.1051
loss: 0.1066
loss: 0.1251
loss: 0.0931
loss: 0.1065
loss: 0.1001
loss: 0.0988
loss: 0.0927
loss: 0.0991
loss: 0.1069
loss: 0.1061
loss: 0.1026
loss: 0.1200
loss: 0.1126
loss: 0.0924
loss: 0.1085
loss: 0.0996
loss: 0.1020
loss: 0.0969
loss: 0.0941
loss: 0.0892
loss: 0.1109
loss: 0.1014
loss: 0.1000
loss: 0.0957
loss: 0.1050
loss: 0.0990
loss: 0.1030
loss: 0.1089
loss: 0.0934
loss: 0.0842
loss: 0.0959
loss: 0.1013
loss: 0.1007
loss: 0.0917
loss: 0.1123
loss: 0.0964
loss: 0.1112
loss: 0.0880
loss: 0.1049
loss: 0.1058
loss: 0.1207
loss: 0.1113
loss: 0.1075
loss: 0.1010
loss: 0.0889
loss: 0.1027
loss: 0.1025
loss: 0.1116
loss: 0.1026
loss: 0.1038
loss: 0.1034
loss: 0.1129
loss: 0.0975
loss: 0.0986
loss: 0.0995
loss: 0.0998
loss: 0.1100
loss: 0.1077
loss: 0.0998
loss: 0.1110
loss: 0.0951
loss: 0.0975
loss: 0.0886
loss: 0.0929
loss: 0.1016
loss: 0.1108
loss: 0.0950
loss: 0.0913
loss: 0.0870
loss: 0.0966
loss: 0.0968
loss: 0.1018
loss: 0.0927
loss: 0.1123
loss: 0.1117
loss: 0.1040
loss: 0.1034
loss: 0.0971
loss: 0.1211
loss: 0.1029
loss: 0.1135
loss: 0.1051
loss: 0.1080
loss: 0.1241
loss: 0.1032
loss: 0.1061
loss: 0.1102
loss: 0.0970
loss: 0.1123
loss: 0.0996
loss: 0.1016
loss: 0.0873
loss: 0.1004
loss: 0.0981
loss: 0.0937
loss: 0.0941
loss: 0.1110
loss: 0.1036
loss: 0.0996
loss: 0.1063
loss: 0.1120
loss: 0.1092
loss: 0.1125
loss: 0.0892
loss: 0.0883
loss: 0.0957
loss: 0.0959
loss: 0.0999
loss: 0.1118
loss: 0.0888
loss: 0.0954
loss: 0.1120
loss: 0.1105
loss: 0.0932
loss: 0.1017
loss: 0.1029
loss: 0.1065
loss: 0.1052
loss: 0.1048
loss: 0.0996
loss: 0.1114
loss: 0.0962
loss: 0.1009
loss: 0.0983
loss: 0.0976
loss: 0.1039
loss: 0.1321
loss: 0.1052
loss: 0.0934
loss: 0.1074
loss: 0.0935
loss: 0.1052
loss: 0.1158
loss: 0.0935
loss: 0.1031
loss: 0.1048
loss: 0.0910
loss: 0.0981
loss: 0.1026
loss: 0.0986
loss: 0.1148
loss: 0.0911
loss: 0.1081
loss: 0.1011
loss: 0.0950
loss: 0.1054
loss: 0.0969
loss: 0.0905
loss: 0.0981
loss: 0.0919
loss: 0.1045
loss: 0.0821
loss: 0.0818
loss: 0.1042
loss: 0.1004
loss: 0.1016
loss: 0.0901
loss: 0.1093
loss: 0.1117
loss: 0.0997
loss: 0.1112
loss: 0.0954
loss: 0.1304
loss: 0.1025
loss: 0.0975
loss: 0.0990
loss: 0.1115
loss: 0.1141
loss: 0.1067
loss: 0.1020
loss: 0.0892
loss: 0.0960
loss: 0.1079
loss: 0.1053
loss: 0.1031
loss: 0.1033
loss: 0.1055
loss: 0.0920
loss: 0.1042
loss: 0.1233
loss: 0.1029
loss: 0.1055
loss: 0.0982
loss: 0.1016
loss: 0.0888
loss: 0.1028
loss: 0.0958
loss: 0.1048
loss: 0.0947
loss: 0.0881
loss: 0.1006
loss: 0.0971
loss: 0.1042
loss: 0.0936
loss: 0.0981
loss: 0.0915
loss: 0.0945
loss: 0.0951
loss: 0.1018
loss: 0.1078
loss: 0.0923
loss: 0.0983
loss: 0.1118
loss: 0.1132
loss: 0.1102
loss: 0.0885
loss: 0.1100
loss: 0.1071
loss: 0.1006
loss: 0.1097
loss: 0.1145
loss: 0.0935
loss: 0.0918
loss: 0.1079
loss: 0.1030
loss: 0.1179
loss: 0.1062
loss: 0.1092
loss: 0.0948
loss: 0.1044
loss: 0.1119
loss: 0.1129
loss: 0.0930
loss: 0.1003
loss: 0.0998
loss: 0.1040
loss: 0.1100
loss: 0.1005
loss: 0.1145
loss: 0.1016
loss: 0.1060
loss: 0.1037
loss: 0.1064
loss: 0.0866
loss: 0.1153
loss: 0.1021
loss: 0.0853
loss: 0.0999
loss: 0.0969
loss: 0.0968
loss: 0.1092
loss: 0.1177
loss: 0.1154
loss: 0.1155
loss: 0.0949
loss: 0.1094
loss: 0.0953
loss: 0.1053
loss: 0.1084
loss: 0.1003
loss: 0.1162
loss: 0.1007
loss: 0.1066
loss: 0.0882
loss: 0.0990
loss: 0.0963
loss: 0.1021
loss: 0.1096
loss: 0.1238
loss: 0.1051
loss: 0.0912
loss: 0.1027
loss: 0.1042
loss: 0.0937
loss: 0.1070
loss: 0.1029
loss: 0.0919
loss: 0.0934
loss: 0.1179
loss: 0.0863
loss: 0.1018
loss: 0.1147
loss: 0.0979
loss: 0.1090
loss: 0.1034
loss: 0.1067
loss: 0.1090
loss: 0.1148
loss: 0.0993
loss: 0.1070
loss: 0.1014
loss: 0.0920
loss: 0.1002
loss: 0.1054
loss: 0.1064
loss: 0.1054
loss: 0.1080
loss: 0.0970
loss: 0.1045
loss: 0.1107
loss: 0.1070
loss: 0.1080
loss: 0.0860
loss: 0.0909
loss: 0.0967
loss: 0.1145
loss: 0.0875
loss: 0.1144
loss: 0.1005
loss: 0.1112
loss: 0.0875
loss: 0.1076
loss: 0.1064
loss: 0.1088
loss: 0.1027
loss: 0.1033
loss: 0.0962
loss: 0.1067
loss: 0.0848
loss: 0.1049
loss: 0.1051
loss: 0.1017
loss: 0.1262
loss: 0.0990
loss: 0.1057
loss: 0.0982
loss: 0.1069
loss: 0.1062
loss: 0.0933
loss: 0.1099
loss: 0.0923
loss: 0.1065
loss: 0.0964
loss: 0.0991
loss: 0.1073
loss: 0.1118
loss: 0.0890
loss: 0.0951
loss: 0.1116
loss: 0.0984
loss: 0.0932
loss: 0.0915
loss: 0.0986
loss: 0.0916
loss: 0.1027
loss: 0.1028
loss: 0.0976
loss: 0.1020
loss: 0.1113
loss: 0.1074
loss: 0.1117
loss: 0.1006
loss: 0.1066
loss: 0.1071
loss: 0.1104
loss: 0.1021
loss: 0.1069
loss: 0.1094
loss: 0.1048
loss: 0.0978
loss: 0.1004
loss: 0.1052
loss: 0.1070
loss: 0.1125
loss: 0.1080
loss: 0.1151
loss: 0.1085
loss: 0.1234
loss: 0.1076
loss: 0.1034
loss: 0.0959
loss: 0.0934
loss: 0.1165
loss: 0.0884
loss: 0.0840
loss: 0.1025
loss: 0.1088
loss: 0.1111
loss: 0.1220
loss: 0.1038
loss: 0.1114
loss: 0.1024
loss: 0.1140
loss: 0.0944
loss: 0.1115
loss: 0.0936
loss: 0.1040
loss: 0.0971
loss: 0.1138
loss: 0.1012
loss: 0.1047
loss: 0.0910
loss: 0.0937
loss: 0.0882
loss: 0.0889
loss: 0.0886
loss: 0.1053
loss: 0.0991
loss: 0.1087
loss: 0.1045
loss: 0.1031
loss: 0.1142
loss: 0.1150
loss: 0.1053
loss: 0.1146
loss: 0.1040
loss: 0.0963
loss: 0.1007
loss: 0.1048
loss: 0.1037
loss: 0.0962
loss: 0.1063
loss: 0.1082
loss: 0.0934
loss: 0.1140
loss: 0.0900
loss: 0.1007
loss: 0.0944
loss: 0.0997
loss: 0.1004
loss: 0.1153
loss: 0.0965
loss: 0.0983
loss: 0.1177
loss: 0.0942
loss: 0.1017
loss: 0.0832
loss: 0.1106
loss: 0.1142
loss: 0.0895
loss: 0.1002
loss: 0.1018
loss: 0.1106
loss: 0.1003
loss: 0.1144
loss: 0.1155
loss: 0.1086
loss: 0.1010
loss: 0.0909
loss: 0.1038
loss: 0.0879
loss: 0.1016
loss: 0.1210
loss: 0.1043
loss: 0.0952
loss: 0.1071
loss: 0.1103
loss: 0.0988
loss: 0.0858
loss: 0.1110
loss: 0.0888
loss: 0.0981
loss: 0.1083
loss: 0.1013
loss: 0.0977
loss: 0.0897
loss: 0.0967
loss: 0.1043
loss: 0.1174
loss: 0.1057
loss: 0.0982
loss: 0.1217
loss: 0.0918
loss: 0.1016
loss: 0.0906
loss: 0.0916
loss: 0.1003
loss: 0.0982
loss: 0.1083
loss: 0.0870
loss: 0.1043
loss: 0.0880
loss: 0.1087
loss: 0.0994
loss: 0.0998
loss: 0.0967
loss: 0.0868
loss: 0.1160
loss: 0.0950
loss: 0.0959
loss: 0.1086
loss: 0.1058
loss: 0.1033
loss: 0.1107
loss: 0.0908
loss: 0.1152
loss: 0.0944
loss: 0.0988
loss: 0.1010
loss: 0.1043
loss: 0.0944
loss: 0.1041
loss: 0.1080
loss: 0.1057
loss: 0.0991
loss: 0.0928
loss: 0.0927
loss: 0.1117
loss: 0.0975
loss: 0.1017
loss: 0.0908
loss: 0.0908
loss: 0.1123
loss: 0.1017
loss: 0.1098
loss: 0.1044
loss: 0.1126
loss: 0.1102
loss: 0.1085
loss: 0.0837
loss: 0.1020
loss: 0.0907
loss: 0.1060
loss: 0.0990
loss: 0.0916
loss: 0.1052
loss: 0.0951
loss: 0.1005
loss: 0.1160
loss: 0.1067
loss: 0.1115
loss: 0.0969
loss: 0.1078
loss: 0.1147
loss: 0.1013
loss: 0.1038
loss: 0.0992
loss: 0.1060
loss: 0.1054
loss: 0.1009
loss: 0.1038
loss: 0.0864
loss: 0.1148
loss: 0.0969
loss: 0.1079
loss: 0.0976
loss: 0.1186
loss: 0.0963
loss: 0.0954
loss: 0.1149
loss: 0.0987
loss: 0.1101
loss: 0.1028
loss: 0.1067
loss: 0.1034
loss: 0.0995
loss: 0.0967
loss: 0.0925
loss: 0.1016
loss: 0.0934
loss: 0.1029
loss: 0.0936
loss: 0.1008
loss: 0.1183
loss: 0.1032
loss: 0.0899
loss: 0.0947
loss: 0.1031
loss: 0.1101
loss: 0.1061
loss: 0.1100
loss: 0.1051
loss: 0.1030
loss: 0.1074
loss: 0.1071
loss: 0.1003
loss: 0.1021
loss: 0.0979
loss: 0.0933
loss: 0.0815
loss: 0.0872
loss: 0.1131
loss: 0.0971
loss: 0.1055
loss: 0.1101
loss: 0.1081
loss: 0.1165
loss: 0.0973
loss: 0.0911
loss: 0.0815
loss: 0.1039
loss: 0.0873
loss: 0.1118
loss: 0.1011
loss: 0.1019
loss: 0.1040
loss: 0.0938
loss: 0.0938
loss: 0.1122
loss: 0.1010
loss: 0.1229
loss: 0.1117
loss: 0.1107
loss: 0.1089
loss: 0.0919
loss: 0.1187
loss: 0.0952
loss: 0.1038
loss: 0.1073
loss: 0.1038
loss: 0.0912
loss: 0.1136
loss: 0.0946
loss: 0.0994
loss: 0.0995
loss: 0.1071
loss: 0.0988
loss: 0.1078
loss: 0.1007
loss: 0.1115
loss: 0.0995
loss: 0.1026
loss: 0.1049
loss: 0.0980
loss: 0.0993
loss: 0.0960
loss: 0.0943
loss: 0.1122
loss: 0.1044
loss: 0.0992
loss: 0.0961
loss: 0.0939
loss: 0.1061
loss: 0.1069
loss: 0.0868
loss: 0.0846
loss: 0.0952
loss: 0.1131
loss: 0.1050
loss: 0.0999
loss: 0.1015
loss: 0.0910
loss: 0.1083
loss: 0.1166
loss: 0.1082
loss: 0.0822
loss: 0.1119
loss: 0.0897
loss: 0.0930
loss: 0.0974
loss: 0.1095
loss: 0.0897
loss: 0.1009
loss: 0.1005
loss: 0.0959
loss: 0.0969
loss: 0.1067
loss: 0.0991
loss: 0.0957
loss: 0.0997
loss: 0.1107
loss: 0.1034
loss: 0.1021
loss: 0.1132
loss: 0.1063
loss: 0.1067
loss: 0.0972
loss: 0.0971
loss: 0.0863
loss: 0.1038
loss: 0.0887
loss: 0.0899
loss: 0.1297
loss: 0.0986
loss: 0.1039
loss: 0.0912
loss: 0.0973
loss: 0.0912
loss: 0.1084
loss: 0.1042
loss: 0.1029
loss: 0.0919
loss: 0.1059
loss: 0.1051
loss: 0.1044
loss: 0.1137
loss: 0.1024
loss: 0.1143
loss: 0.1032
loss: 0.1099
loss: 0.1177
loss: 0.0971
loss: 0.0827
loss: 0.0941
loss: 0.1025
loss: 0.1108
loss: 0.1110
loss: 0.1075
loss: 0.0912
loss: 0.1181
loss: 0.1228
loss: 0.1056
loss: 0.1039
loss: 0.1167
loss: 0.1011
loss: 0.1013
loss: 0.1113
loss: 0.1087
loss: 0.0995
loss: 0.1034
loss: 0.1021
loss: 0.1002
loss: 0.0984
loss: 0.1063
loss: 0.1061
loss: 0.1077
loss: 0.0941
loss: 0.1163
loss: 0.1035
loss: 0.0935
loss: 0.1195
loss: 0.0972
loss: 0.1044
loss: 0.1035
loss: 0.1083
loss: 0.0850
loss: 0.1004
loss: 0.0959
loss: 0.0929
loss: 0.1033
loss: 0.1177
loss: 0.1122
loss: 0.1007
loss: 0.1103
loss: 0.1043
loss: 0.0893
loss: 0.1129
loss: 0.0955
loss: 0.1028
loss: 0.0989
loss: 0.0940
loss: 0.0969
loss: 0.1066
loss: 0.0982
loss: 0.1039
loss: 0.0866
loss: 0.0854
loss: 0.1067
loss: 0.1074
loss: 0.0947
loss: 0.1162
loss: 0.0986
loss: 0.0986
loss: 0.1033
loss: 0.0968
loss: 0.0975
loss: 0.0870
loss: 0.1041
loss: 0.0940
loss: 0.1098
loss: 0.1044
loss: 0.1118
loss: 0.1054
loss: 0.0976
loss: 0.0989
loss: 0.1081
loss: 0.0972
loss: 0.1074
loss: 0.0958
loss: 0.1000
loss: 0.0904
loss: 0.1095
loss: 0.1081
loss: 0.0931
loss: 0.1082
loss: 0.0917
loss: 0.1115
loss: 0.0955
loss: 0.0951
loss: 0.1087
loss: 0.1212
loss: 0.1103
loss: 0.0991
loss: 0.1052
loss: 0.0986
loss: 0.1080
loss: 0.1055
loss: 0.0986
loss: 0.1234
loss: 0.0988
loss: 0.1167
loss: 0.1176
loss: 0.0982
loss: 0.1035
loss: 0.1078
loss: 0.0970
loss: 0.1096
loss: 0.1179
loss: 0.1084
loss: 0.1096
loss: 0.0997
loss: 0.1047
loss: 0.1127
loss: 0.1027
loss: 0.1120
loss: 0.1040
loss: 0.1071
loss: 0.1076
loss: 0.1049
loss: 0.0916
loss: 0.0942
loss: 0.1017
loss: 0.1099
loss: 0.0976
loss: 0.0994
loss: 0.1049
loss: 0.0951
loss: 0.1005
loss: 0.0933
loss: 0.1003
loss: 0.1096
loss: 0.0958
loss: 0.1039
loss: 0.1027
loss: 0.0969
loss: 0.1166
loss: 0.1035
loss: 0.1122
loss: 0.0930
loss: 0.1156
loss: 0.1056
loss: 0.1051
loss: 0.0988
loss: 0.1028
loss: 0.1149
loss: 0.0980
loss: 0.1016
loss: 0.1104
loss: 0.1024
loss: 0.1071
loss: 0.0911
loss: 0.1100
loss: 0.1029
loss: 0.1148
loss: 0.0986
loss: 0.1012
loss: 0.0909
loss: 0.1076
loss: 0.1063
loss: 0.1094
loss: 0.0984
loss: 0.1123
loss: 0.1258
loss: 0.1141
loss: 0.0942
loss: 0.1005
loss: 0.1112
loss: 0.0975
loss: 0.0924
loss: 0.0986
loss: 0.1179
loss: 0.0966
loss: 0.1049
loss: 0.0924
loss: 0.1080
loss: 0.1049
loss: 0.1034
loss: 0.0998
loss: 0.0946
loss: 0.1149
loss: 0.1201
loss: 0.1032
loss: 0.0931
loss: 0.0983
loss: 0.1029
loss: 0.1066
loss: 0.0919
loss: 0.0905
loss: 0.0933
loss: 0.1154
loss: 0.1012
loss: 0.0989
loss: 0.1034
loss: 0.1094
loss: 0.1138
loss: 0.1086
loss: 0.1112
loss: 0.0914
loss: 0.1140
loss: 0.0930
loss: 0.0972
loss: 0.0987
loss: 0.0904
loss: 0.0980
loss: 0.0945
loss: 0.0918
loss: 0.0938
loss: 0.1231
loss: 0.1064
loss: 0.1045
loss: 0.1016
loss: 0.1159
loss: 0.0997
loss: 0.1092
loss: 0.1157
loss: 0.0898
loss: 0.1083
loss: 0.1069
loss: 0.0922
loss: 0.1042
loss: 0.0872
loss: 0.1074
loss: 0.1056
loss: 0.1154
loss: 0.0954
loss: 0.0759
loss: 0.1080
loss: 0.1032
loss: 0.1045
loss: 0.0865
loss: 0.0882
loss: 0.1086
loss: 0.0837
loss: 0.1043
loss: 0.0946
loss: 0.0962
loss: 0.0964
loss: 0.0923
loss: 0.1085
loss: 0.1166
loss: 0.1092
loss: 0.0939
loss: 0.1109
loss: 0.1050
loss: 0.0983
loss: 0.1059
loss: 0.1014
loss: 0.1072
loss: 0.1151
loss: 0.1060
loss: 0.0971
loss: 0.0997
loss: 0.1111
loss: 0.1150
loss: 0.1036
loss: 0.1071
loss: 0.1069
loss: 0.1103
loss: 0.1046
loss: 0.0990
loss: 0.0979
loss: 0.1230
loss: 0.1100
loss: 0.0989
loss: 0.0988
loss: 0.1079
loss: 0.1069
loss: 0.1086
loss: 0.0857
loss: 0.0981
loss: 0.1048
loss: 0.1019
loss: 0.1004
loss: 0.1052
loss: 0.1067
loss: 0.1250
loss: 0.0931
loss: 0.1066
loss: 0.1001
loss: 0.0986
loss: 0.0928
loss: 0.0991
loss: 0.1068
loss: 0.1062
loss: 0.1024
loss: 0.1200
loss: 0.1126
loss: 0.0923
loss: 0.1085
loss: 0.0996
loss: 0.1021
loss: 0.0968
loss: 0.0940
loss: 0.0891
loss: 0.1109
